{"/sessions/bold-affectionate-planck/mnt/lbro/frontend/src/hooks/useApi.ts": {"path":"/sessions/bold-affectionate-planck/mnt/lbro/frontend/src/hooks/useApi.ts","all":false,"statementMap":{"0":{"start":{"line":1,"column":0},"end":{"line":1,"column":3}},"33":{"start":{"line":34,"column":0},"end":{"line":34,"column":19}},"34":{"start":{"line":35,"column":0},"end":{"line":35,"column":14}},"35":{"start":{"line":36,"column":0},"end":{"line":36,"column":37}},"36":{"start":{"line":37,"column":0},"end":{"line":37,"column":63}},"37":{"start":{"line":38,"column":0},"end":{"line":38,"column":67}},"38":{"start":{"line":39,"column":0},"end":{"line":39,"column":67}},"39":{"start":{"line":40,"column":0},"end":{"line":40,"column":69}},"40":{"start":{"line":41,"column":0},"end":{"line":41,"column":4}},"41":{"start":{"line":42,"column":0},"end":{"line":42,"column":13}},"42":{"start":{"line":43,"column":0},"end":{"line":43,"column":38}},"43":{"start":{"line":44,"column":0},"end":{"line":44,"column":58}},"44":{"start":{"line":45,"column":0},"end":{"line":45,"column":67}},"45":{"start":{"line":46,"column":0},"end":{"line":46,"column":4}},"46":{"start":{"line":47,"column":0},"end":{"line":47,"column":18}},"47":{"start":{"line":48,"column":0},"end":{"line":48,"column":43}},"48":{"start":{"line":49,"column":0},"end":{"line":49,"column":70}},"49":{"start":{"line":50,"column":0},"end":{"line":50,"column":75}},"50":{"start":{"line":51,"column":0},"end":{"line":51,"column":4}},"51":{"start":{"line":52,"column":0},"end":{"line":52,"column":74}},"52":{"start":{"line":53,"column":0},"end":{"line":53,"column":77}},"53":{"start":{"line":54,"column":0},"end":{"line":54,"column":55}},"54":{"start":{"line":55,"column":0},"end":{"line":55,"column":7}},"55":{"start":{"line":56,"column":0},"end":{"line":56,"column":40}},"56":{"start":{"line":57,"column":0},"end":{"line":57,"column":45}},"57":{"start":{"line":58,"column":0},"end":{"line":58,"column":40}},"58":{"start":{"line":59,"column":0},"end":{"line":59,"column":42}},"59":{"start":{"line":60,"column":0},"end":{"line":60,"column":4}},"60":{"start":{"line":61,"column":0},"end":{"line":61,"column":63}},"61":{"start":{"line":62,"column":0},"end":{"line":62,"column":37}},"62":{"start":{"line":63,"column":0},"end":{"line":63,"column":18}},"63":{"start":{"line":64,"column":0},"end":{"line":64,"column":44}},"64":{"start":{"line":65,"column":0},"end":{"line":65,"column":49}},"65":{"start":{"line":66,"column":0},"end":{"line":66,"column":4}},"66":{"start":{"line":67,"column":0},"end":{"line":67,"column":68}},"67":{"start":{"line":68,"column":0},"end":{"line":68,"column":71}},"68":{"start":{"line":69,"column":0},"end":{"line":69,"column":10}},"77":{"start":{"line":78,"column":0},"end":{"line":78,"column":61}},"78":{"start":{"line":79,"column":0},"end":{"line":79,"column":56}},"79":{"start":{"line":80,"column":0},"end":{"line":80,"column":70}},"80":{"start":{"line":81,"column":0},"end":{"line":81,"column":19}},"81":{"start":{"line":82,"column":0},"end":{"line":82,"column":40}},"82":{"start":{"line":83,"column":0},"end":{"line":83,"column":46}},"83":{"start":{"line":84,"column":0},"end":{"line":84,"column":39}},"84":{"start":{"line":85,"column":0},"end":{"line":85,"column":34}},"85":{"start":{"line":86,"column":0},"end":{"line":86,"column":23}},"86":{"start":{"line":87,"column":0},"end":{"line":87,"column":36}},"87":{"start":{"line":88,"column":0},"end":{"line":88,"column":4}},"88":{"start":{"line":89,"column":0},"end":{"line":89,"column":1}},"91":{"start":{"line":92,"column":0},"end":{"line":92,"column":83}},"92":{"start":{"line":93,"column":0},"end":{"line":93,"column":56}},"93":{"start":{"line":94,"column":0},"end":{"line":94,"column":70}},"94":{"start":{"line":95,"column":0},"end":{"line":95,"column":50}},"95":{"start":{"line":96,"column":0},"end":{"line":96,"column":44}},"96":{"start":{"line":97,"column":0},"end":{"line":97,"column":32}},"97":{"start":{"line":98,"column":0},"end":{"line":98,"column":96}},"98":{"start":{"line":99,"column":0},"end":{"line":99,"column":24}},"99":{"start":{"line":100,"column":0},"end":{"line":100,"column":31}},"100":{"start":{"line":101,"column":0},"end":{"line":101,"column":74}},"101":{"start":{"line":102,"column":0},"end":{"line":102,"column":81}},"102":{"start":{"line":103,"column":0},"end":{"line":103,"column":34}},"103":{"start":{"line":104,"column":0},"end":{"line":104,"column":39}},"104":{"start":{"line":105,"column":0},"end":{"line":105,"column":4}},"105":{"start":{"line":106,"column":0},"end":{"line":106,"column":1}},"108":{"start":{"line":109,"column":0},"end":{"line":109,"column":41}},"109":{"start":{"line":110,"column":0},"end":{"line":110,"column":19}},"110":{"start":{"line":111,"column":0},"end":{"line":111,"column":38}},"111":{"start":{"line":112,"column":0},"end":{"line":112,"column":41}},"112":{"start":{"line":113,"column":0},"end":{"line":113,"column":19}},"113":{"start":{"line":114,"column":0},"end":{"line":114,"column":34}},"114":{"start":{"line":115,"column":0},"end":{"line":115,"column":24}},"115":{"start":{"line":116,"column":0},"end":{"line":116,"column":4}},"116":{"start":{"line":117,"column":0},"end":{"line":117,"column":1}},"119":{"start":{"line":120,"column":0},"end":{"line":120,"column":36}},"120":{"start":{"line":121,"column":0},"end":{"line":121,"column":56}},"121":{"start":{"line":122,"column":0},"end":{"line":122,"column":19}},"122":{"start":{"line":123,"column":0},"end":{"line":123,"column":38}},"123":{"start":{"line":124,"column":0},"end":{"line":124,"column":44}},"124":{"start":{"line":125,"column":0},"end":{"line":125,"column":34}},"125":{"start":{"line":126,"column":0},"end":{"line":126,"column":39}},"126":{"start":{"line":127,"column":0},"end":{"line":127,"column":17}},"127":{"start":{"line":128,"column":0},"end":{"line":128,"column":4}},"128":{"start":{"line":129,"column":0},"end":{"line":129,"column":1}},"131":{"start":{"line":132,"column":0},"end":{"line":132,"column":37}},"132":{"start":{"line":133,"column":0},"end":{"line":133,"column":29}},"133":{"start":{"line":134,"column":0},"end":{"line":134,"column":22}},"134":{"start":{"line":135,"column":0},"end":{"line":135,"column":74}},"135":{"start":{"line":136,"column":0},"end":{"line":136,"column":29}},"136":{"start":{"line":137,"column":0},"end":{"line":137,"column":58}},"137":{"start":{"line":138,"column":0},"end":{"line":138,"column":55}},"138":{"start":{"line":139,"column":0},"end":{"line":139,"column":61}},"139":{"start":{"line":140,"column":0},"end":{"line":140,"column":85}},"140":{"start":{"line":141,"column":0},"end":{"line":141,"column":6}},"141":{"start":{"line":142,"column":0},"end":{"line":142,"column":69}},"142":{"start":{"line":143,"column":0},"end":{"line":143,"column":4}},"143":{"start":{"line":144,"column":0},"end":{"line":144,"column":1}},"145":{"start":{"line":146,"column":0},"end":{"line":146,"column":37}},"146":{"start":{"line":147,"column":0},"end":{"line":147,"column":29}},"147":{"start":{"line":148,"column":0},"end":{"line":148,"column":22}},"148":{"start":{"line":149,"column":0},"end":{"line":149,"column":77}},"149":{"start":{"line":150,"column":0},"end":{"line":150,"column":39}},"150":{"start":{"line":151,"column":0},"end":{"line":151,"column":37}},"151":{"start":{"line":152,"column":0},"end":{"line":152,"column":58}},"152":{"start":{"line":153,"column":0},"end":{"line":153,"column":55}},"153":{"start":{"line":154,"column":0},"end":{"line":154,"column":55}},"154":{"start":{"line":155,"column":0},"end":{"line":155,"column":85}},"155":{"start":{"line":156,"column":0},"end":{"line":156,"column":6}},"156":{"start":{"line":157,"column":0},"end":{"line":157,"column":85}},"157":{"start":{"line":158,"column":0},"end":{"line":158,"column":4}},"158":{"start":{"line":159,"column":0},"end":{"line":159,"column":1}},"161":{"start":{"line":162,"column":0},"end":{"line":162,"column":49}},"162":{"start":{"line":163,"column":0},"end":{"line":163,"column":19}},"163":{"start":{"line":164,"column":0},"end":{"line":164,"column":50}},"164":{"start":{"line":165,"column":0},"end":{"line":165,"column":49}},"165":{"start":{"line":166,"column":0},"end":{"line":166,"column":27}},"166":{"start":{"line":167,"column":0},"end":{"line":167,"column":33}},"167":{"start":{"line":168,"column":0},"end":{"line":168,"column":24}},"168":{"start":{"line":169,"column":0},"end":{"line":169,"column":4}},"169":{"start":{"line":170,"column":0},"end":{"line":170,"column":1}},"171":{"start":{"line":172,"column":0},"end":{"line":172,"column":37}},"172":{"start":{"line":173,"column":0},"end":{"line":173,"column":29}},"173":{"start":{"line":174,"column":0},"end":{"line":174,"column":22}},"174":{"start":{"line":175,"column":0},"end":{"line":175,"column":112}},"175":{"start":{"line":176,"column":0},"end":{"line":176,"column":56}},"176":{"start":{"line":177,"column":0},"end":{"line":177,"column":39}},"177":{"start":{"line":178,"column":0},"end":{"line":178,"column":77}},"178":{"start":{"line":179,"column":0},"end":{"line":179,"column":55}},"179":{"start":{"line":180,"column":0},"end":{"line":180,"column":6}},"180":{"start":{"line":181,"column":0},"end":{"line":181,"column":69}},"181":{"start":{"line":182,"column":0},"end":{"line":182,"column":4}},"182":{"start":{"line":183,"column":0},"end":{"line":183,"column":1}},"185":{"start":{"line":186,"column":0},"end":{"line":186,"column":80}},"186":{"start":{"line":187,"column":0},"end":{"line":187,"column":19}},"187":{"start":{"line":188,"column":0},"end":{"line":188,"column":41}},"188":{"start":{"line":189,"column":0},"end":{"line":189,"column":48}},"189":{"start":{"line":190,"column":0},"end":{"line":190,"column":33}},"190":{"start":{"line":191,"column":0},"end":{"line":191,"column":24}},"191":{"start":{"line":192,"column":0},"end":{"line":192,"column":17}},"192":{"start":{"line":193,"column":0},"end":{"line":193,"column":4}},"193":{"start":{"line":194,"column":0},"end":{"line":194,"column":1}},"196":{"start":{"line":197,"column":0},"end":{"line":197,"column":43}},"199":{"start":{"line":200,"column":0},"end":{"line":200,"column":4}},"200":{"start":{"line":201,"column":0},"end":{"line":201,"column":19}},"201":{"start":{"line":202,"column":0},"end":{"line":202,"column":32}},"202":{"start":{"line":203,"column":0},"end":{"line":203,"column":55}},"203":{"start":{"line":204,"column":0},"end":{"line":204,"column":38}},"204":{"start":{"line":205,"column":0},"end":{"line":205,"column":49}},"205":{"start":{"line":206,"column":0},"end":{"line":206,"column":43}},"206":{"start":{"line":207,"column":0},"end":{"line":207,"column":38}},"207":{"start":{"line":208,"column":0},"end":{"line":208,"column":4}},"208":{"start":{"line":209,"column":0},"end":{"line":209,"column":1}},"210":{"start":{"line":211,"column":0},"end":{"line":211,"column":42}},"211":{"start":{"line":212,"column":0},"end":{"line":212,"column":29}},"212":{"start":{"line":213,"column":0},"end":{"line":213,"column":22}},"213":{"start":{"line":214,"column":0},"end":{"line":214,"column":61}},"214":{"start":{"line":215,"column":0},"end":{"line":215,"column":78}},"215":{"start":{"line":216,"column":0},"end":{"line":216,"column":4}},"216":{"start":{"line":217,"column":0},"end":{"line":217,"column":1}},"218":{"start":{"line":219,"column":0},"end":{"line":219,"column":43}},"219":{"start":{"line":220,"column":0},"end":{"line":220,"column":29}},"220":{"start":{"line":221,"column":0},"end":{"line":221,"column":22}},"221":{"start":{"line":222,"column":0},"end":{"line":222,"column":62}},"222":{"start":{"line":223,"column":0},"end":{"line":223,"column":78}},"223":{"start":{"line":224,"column":0},"end":{"line":224,"column":4}},"224":{"start":{"line":225,"column":0},"end":{"line":225,"column":1}},"227":{"start":{"line":228,"column":0},"end":{"line":228,"column":39}},"228":{"start":{"line":229,"column":0},"end":{"line":229,"column":56}},"229":{"start":{"line":230,"column":0},"end":{"line":230,"column":37}},"230":{"start":{"line":231,"column":0},"end":{"line":231,"column":32}},"231":{"start":{"line":232,"column":0},"end":{"line":232,"column":46}},"232":{"start":{"line":233,"column":0},"end":{"line":233,"column":39}},"233":{"start":{"line":234,"column":0},"end":{"line":234,"column":34}},"234":{"start":{"line":235,"column":0},"end":{"line":235,"column":13}},"235":{"start":{"line":236,"column":0},"end":{"line":236,"column":4}},"236":{"start":{"line":237,"column":0},"end":{"line":237,"column":1}},"239":{"start":{"line":240,"column":0},"end":{"line":240,"column":42}},"240":{"start":{"line":241,"column":0},"end":{"line":241,"column":56}},"241":{"start":{"line":242,"column":0},"end":{"line":242,"column":19}},"242":{"start":{"line":243,"column":0},"end":{"line":243,"column":33}},"243":{"start":{"line":244,"column":0},"end":{"line":244,"column":49}},"244":{"start":{"line":245,"column":0},"end":{"line":245,"column":22}},"245":{"start":{"line":246,"column":0},"end":{"line":246,"column":29}},"246":{"start":{"line":247,"column":0},"end":{"line":247,"column":13}},"247":{"start":{"line":248,"column":0},"end":{"line":248,"column":4}},"248":{"start":{"line":249,"column":0},"end":{"line":249,"column":1}},"250":{"start":{"line":251,"column":0},"end":{"line":251,"column":40}},"251":{"start":{"line":252,"column":0},"end":{"line":252,"column":29}},"252":{"start":{"line":253,"column":0},"end":{"line":253,"column":22}},"253":{"start":{"line":254,"column":0},"end":{"line":254,"column":100}},"254":{"start":{"line":255,"column":0},"end":{"line":255,"column":72}},"255":{"start":{"line":256,"column":0},"end":{"line":256,"column":4}},"256":{"start":{"line":257,"column":0},"end":{"line":257,"column":1}},"265":{"start":{"line":266,"column":0},"end":{"line":266,"column":62}},"266":{"start":{"line":267,"column":0},"end":{"line":267,"column":56}},"267":{"start":{"line":268,"column":0},"end":{"line":268,"column":19}},"268":{"start":{"line":269,"column":0},"end":{"line":269,"column":68}},"269":{"start":{"line":270,"column":0},"end":{"line":270,"column":22}},"270":{"start":{"line":271,"column":0},"end":{"line":271,"column":52}},"271":{"start":{"line":272,"column":0},"end":{"line":272,"column":28}},"272":{"start":{"line":273,"column":0},"end":{"line":273,"column":19}},"273":{"start":{"line":274,"column":0},"end":{"line":274,"column":22}},"274":{"start":{"line":275,"column":0},"end":{"line":275,"column":23}},"275":{"start":{"line":276,"column":0},"end":{"line":276,"column":13}},"276":{"start":{"line":277,"column":0},"end":{"line":277,"column":4}},"277":{"start":{"line":278,"column":0},"end":{"line":278,"column":1}},"283":{"start":{"line":284,"column":0},"end":{"line":284,"column":39}},"284":{"start":{"line":285,"column":0},"end":{"line":285,"column":29}},"285":{"start":{"line":286,"column":0},"end":{"line":286,"column":56}},"286":{"start":{"line":287,"column":0},"end":{"line":287,"column":22}},"287":{"start":{"line":288,"column":0},"end":{"line":288,"column":45}},"288":{"start":{"line":289,"column":0},"end":{"line":289,"column":71}},"289":{"start":{"line":290,"column":0},"end":{"line":290,"column":54}},"290":{"start":{"line":291,"column":0},"end":{"line":291,"column":6}},"291":{"start":{"line":292,"column":0},"end":{"line":292,"column":22}},"292":{"start":{"line":293,"column":0},"end":{"line":293,"column":71}},"293":{"start":{"line":294,"column":0},"end":{"line":294,"column":6}},"294":{"start":{"line":295,"column":0},"end":{"line":295,"column":71}},"295":{"start":{"line":296,"column":0},"end":{"line":296,"column":4}},"296":{"start":{"line":297,"column":0},"end":{"line":297,"column":1}},"302":{"start":{"line":303,"column":0},"end":{"line":303,"column":39}},"303":{"start":{"line":304,"column":0},"end":{"line":304,"column":29}},"304":{"start":{"line":305,"column":0},"end":{"line":305,"column":22}},"305":{"start":{"line":306,"column":0},"end":{"line":306,"column":73}},"306":{"start":{"line":307,"column":0},"end":{"line":307,"column":53}},"307":{"start":{"line":308,"column":0},"end":{"line":308,"column":22}},"308":{"start":{"line":309,"column":0},"end":{"line":309,"column":71}},"309":{"start":{"line":310,"column":0},"end":{"line":310,"column":6}},"310":{"start":{"line":311,"column":0},"end":{"line":311,"column":71}},"311":{"start":{"line":312,"column":0},"end":{"line":312,"column":4}},"312":{"start":{"line":313,"column":0},"end":{"line":313,"column":1}},"315":{"start":{"line":316,"column":0},"end":{"line":316,"column":74}},"316":{"start":{"line":317,"column":0},"end":{"line":317,"column":19}},"317":{"start":{"line":318,"column":0},"end":{"line":318,"column":31}},"318":{"start":{"line":319,"column":0},"end":{"line":319,"column":42}},"319":{"start":{"line":320,"column":0},"end":{"line":320,"column":22}},"320":{"start":{"line":321,"column":0},"end":{"line":321,"column":23}},"321":{"start":{"line":322,"column":0},"end":{"line":322,"column":13}},"322":{"start":{"line":323,"column":0},"end":{"line":323,"column":4}},"323":{"start":{"line":324,"column":0},"end":{"line":324,"column":1}},"326":{"start":{"line":327,"column":0},"end":{"line":327,"column":30}},"327":{"start":{"line":328,"column":0},"end":{"line":328,"column":19}},"328":{"start":{"line":329,"column":0},"end":{"line":329,"column":26}},"329":{"start":{"line":330,"column":0},"end":{"line":330,"column":34}},"330":{"start":{"line":331,"column":0},"end":{"line":331,"column":28}},"331":{"start":{"line":332,"column":0},"end":{"line":332,"column":22}},"332":{"start":{"line":333,"column":0},"end":{"line":333,"column":13}},"333":{"start":{"line":334,"column":0},"end":{"line":334,"column":4}},"334":{"start":{"line":335,"column":0},"end":{"line":335,"column":1}},"336":{"start":{"line":337,"column":0},"end":{"line":337,"column":34}},"337":{"start":{"line":338,"column":0},"end":{"line":338,"column":19}},"338":{"start":{"line":339,"column":0},"end":{"line":339,"column":30}},"339":{"start":{"line":340,"column":0},"end":{"line":340,"column":38}},"340":{"start":{"line":341,"column":0},"end":{"line":341,"column":26}},"341":{"start":{"line":342,"column":0},"end":{"line":342,"column":13}},"342":{"start":{"line":343,"column":0},"end":{"line":343,"column":4}},"343":{"start":{"line":344,"column":0},"end":{"line":344,"column":1}},"346":{"start":{"line":347,"column":0},"end":{"line":347,"column":30}},"347":{"start":{"line":348,"column":0},"end":{"line":348,"column":19}},"348":{"start":{"line":349,"column":0},"end":{"line":349,"column":26}},"349":{"start":{"line":350,"column":0},"end":{"line":350,"column":34}},"350":{"start":{"line":351,"column":0},"end":{"line":351,"column":28}},"351":{"start":{"line":352,"column":0},"end":{"line":352,"column":22}},"352":{"start":{"line":353,"column":0},"end":{"line":353,"column":17}},"353":{"start":{"line":354,"column":0},"end":{"line":354,"column":4}},"354":{"start":{"line":355,"column":0},"end":{"line":355,"column":1}},"357":{"start":{"line":358,"column":0},"end":{"line":358,"column":32}},"358":{"start":{"line":359,"column":0},"end":{"line":359,"column":19}},"359":{"start":{"line":360,"column":0},"end":{"line":360,"column":28}},"360":{"start":{"line":361,"column":0},"end":{"line":361,"column":36}},"361":{"start":{"line":362,"column":0},"end":{"line":362,"column":26}},"362":{"start":{"line":363,"column":0},"end":{"line":363,"column":17}},"363":{"start":{"line":364,"column":0},"end":{"line":364,"column":4}},"364":{"start":{"line":365,"column":0},"end":{"line":365,"column":1}},"367":{"start":{"line":368,"column":0},"end":{"line":368,"column":113}},"368":{"start":{"line":369,"column":0},"end":{"line":369,"column":19}},"369":{"start":{"line":370,"column":0},"end":{"line":370,"column":31}},"370":{"start":{"line":371,"column":0},"end":{"line":371,"column":46}},"371":{"start":{"line":372,"column":0},"end":{"line":372,"column":22}},"372":{"start":{"line":373,"column":0},"end":{"line":373,"column":23}},"373":{"start":{"line":374,"column":0},"end":{"line":374,"column":13}},"374":{"start":{"line":375,"column":0},"end":{"line":375,"column":4}},"375":{"start":{"line":376,"column":0},"end":{"line":376,"column":1}},"378":{"start":{"line":379,"column":0},"end":{"line":379,"column":29}},"379":{"start":{"line":380,"column":0},"end":{"line":380,"column":19}},"380":{"start":{"line":381,"column":0},"end":{"line":381,"column":24}},"381":{"start":{"line":382,"column":0},"end":{"line":382,"column":38}},"382":{"start":{"line":383,"column":0},"end":{"line":383,"column":36}},"383":{"start":{"line":384,"column":0},"end":{"line":384,"column":31}},"384":{"start":{"line":385,"column":0},"end":{"line":385,"column":17}},"385":{"start":{"line":386,"column":0},"end":{"line":386,"column":4}},"386":{"start":{"line":387,"column":0},"end":{"line":387,"column":1}},"389":{"start":{"line":390,"column":0},"end":{"line":390,"column":34}},"390":{"start":{"line":391,"column":0},"end":{"line":391,"column":19}},"391":{"start":{"line":392,"column":0},"end":{"line":392,"column":29}},"392":{"start":{"line":393,"column":0},"end":{"line":393,"column":33}},"393":{"start":{"line":394,"column":0},"end":{"line":394,"column":26}},"394":{"start":{"line":395,"column":0},"end":{"line":395,"column":17}},"395":{"start":{"line":396,"column":0},"end":{"line":396,"column":4}},"396":{"start":{"line":397,"column":0},"end":{"line":397,"column":1}},"399":{"start":{"line":400,"column":0},"end":{"line":400,"column":37}},"400":{"start":{"line":401,"column":0},"end":{"line":401,"column":19}},"401":{"start":{"line":402,"column":0},"end":{"line":402,"column":39}},"402":{"start":{"line":403,"column":0},"end":{"line":403,"column":47}},"403":{"start":{"line":404,"column":0},"end":{"line":404,"column":28}},"404":{"start":{"line":405,"column":0},"end":{"line":405,"column":22}},"405":{"start":{"line":406,"column":0},"end":{"line":406,"column":17}},"406":{"start":{"line":407,"column":0},"end":{"line":407,"column":4}},"407":{"start":{"line":408,"column":0},"end":{"line":408,"column":1}},"409":{"start":{"line":410,"column":0},"end":{"line":410,"column":33}},"410":{"start":{"line":411,"column":0},"end":{"line":411,"column":19}},"411":{"start":{"line":412,"column":0},"end":{"line":412,"column":43}},"412":{"start":{"line":413,"column":0},"end":{"line":413,"column":51}},"413":{"start":{"line":414,"column":0},"end":{"line":414,"column":28}},"414":{"start":{"line":415,"column":0},"end":{"line":415,"column":22}},"415":{"start":{"line":416,"column":0},"end":{"line":416,"column":17}},"416":{"start":{"line":417,"column":0},"end":{"line":417,"column":4}},"417":{"start":{"line":418,"column":0},"end":{"line":418,"column":1}},"420":{"start":{"line":421,"column":0},"end":{"line":421,"column":55}},"421":{"start":{"line":422,"column":0},"end":{"line":422,"column":52}},"422":{"start":{"line":423,"column":0},"end":{"line":423,"column":70}},"424":{"start":{"line":425,"column":0},"end":{"line":425,"column":30}},"425":{"start":{"line":426,"column":0},"end":{"line":426,"column":81}},"426":{"start":{"line":427,"column":0},"end":{"line":427,"column":11}},"428":{"start":{"line":429,"column":0},"end":{"line":429,"column":55}},"429":{"start":{"line":430,"column":0},"end":{"line":430,"column":20}},"430":{"start":{"line":431,"column":0},"end":{"line":431,"column":23}},"431":{"start":{"line":432,"column":0},"end":{"line":432,"column":20}},"433":{"start":{"line":434,"column":0},"end":{"line":434,"column":50}},"434":{"start":{"line":435,"column":0},"end":{"line":435,"column":1}},"437":{"start":{"line":438,"column":0},"end":{"line":438,"column":36}},"438":{"start":{"line":439,"column":0},"end":{"line":439,"column":56}},"439":{"start":{"line":440,"column":0},"end":{"line":440,"column":19}},"440":{"start":{"line":441,"column":0},"end":{"line":441,"column":36}},"441":{"start":{"line":442,"column":0},"end":{"line":442,"column":46}},"442":{"start":{"line":443,"column":0},"end":{"line":443,"column":28}},"443":{"start":{"line":444,"column":0},"end":{"line":444,"column":28}},"444":{"start":{"line":445,"column":0},"end":{"line":445,"column":13}},"445":{"start":{"line":446,"column":0},"end":{"line":446,"column":4}},"446":{"start":{"line":447,"column":0},"end":{"line":447,"column":1}},"449":{"start":{"line":450,"column":0},"end":{"line":450,"column":60}},"450":{"start":{"line":451,"column":0},"end":{"line":451,"column":19}},"451":{"start":{"line":452,"column":0},"end":{"line":452,"column":51}},"452":{"start":{"line":453,"column":0},"end":{"line":453,"column":53}},"453":{"start":{"line":454,"column":0},"end":{"line":454,"column":27}},"454":{"start":{"line":455,"column":0},"end":{"line":455,"column":26}},"455":{"start":{"line":456,"column":0},"end":{"line":456,"column":13}},"456":{"start":{"line":457,"column":0},"end":{"line":457,"column":4}},"457":{"start":{"line":458,"column":0},"end":{"line":458,"column":1}},"460":{"start":{"line":461,"column":0},"end":{"line":461,"column":35}},"461":{"start":{"line":462,"column":0},"end":{"line":462,"column":56}},"462":{"start":{"line":463,"column":0},"end":{"line":463,"column":19}},"463":{"start":{"line":464,"column":0},"end":{"line":464,"column":35}},"464":{"start":{"line":465,"column":0},"end":{"line":465,"column":43}},"465":{"start":{"line":466,"column":0},"end":{"line":466,"column":26}},"466":{"start":{"line":467,"column":0},"end":{"line":467,"column":13}},"467":{"start":{"line":468,"column":0},"end":{"line":468,"column":4}},"468":{"start":{"line":469,"column":0},"end":{"line":469,"column":1}}},"s":{"0":1,"33":1,"34":1,"35":1,"36":1,"37":1,"38":1,"39":1,"40":1,"41":1,"42":1,"43":1,"44":1,"45":1,"46":1,"47":1,"48":1,"49":1,"50":1,"51":1,"52":1,"53":1,"54":1,"55":1,"56":1,"57":1,"58":1,"59":1,"60":1,"61":1,"62":1,"63":1,"64":1,"65":1,"66":1,"67":1,"68":1,"77":1,"78":12,"79":12,"80":12,"81":12,"82":12,"83":12,"84":12,"85":12,"86":12,"87":12,"88":12,"91":1,"92":0,"93":0,"94":0,"95":0,"96":0,"97":0,"98":0,"99":0,"100":0,"101":0,"102":0,"103":0,"104":0,"105":0,"108":1,"109":0,"110":0,"111":0,"112":0,"113":0,"114":0,"115":0,"116":0,"119":1,"120":0,"121":0,"122":0,"123":0,"124":0,"125":0,"126":0,"127":0,"128":0,"131":1,"132":0,"133":0,"134":0,"135":0,"136":0,"137":0,"138":0,"139":0,"140":0,"141":0,"142":0,"143":0,"145":1,"146":0,"147":0,"148":0,"149":0,"150":0,"151":0,"152":0,"153":0,"154":0,"155":0,"156":0,"157":0,"158":0,"161":1,"162":0,"163":0,"164":0,"165":0,"166":0,"167":0,"168":0,"169":0,"171":1,"172":0,"173":0,"174":0,"175":0,"176":0,"177":0,"178":0,"179":0,"180":0,"181":0,"182":0,"185":1,"186":0,"187":0,"188":0,"189":0,"190":0,"191":0,"192":0,"193":0,"196":1,"199":0,"200":0,"201":0,"202":0,"203":0,"204":0,"205":0,"206":0,"207":0,"208":0,"210":1,"211":0,"212":0,"213":0,"214":0,"215":0,"216":0,"218":1,"219":0,"220":0,"221":0,"222":0,"223":0,"224":0,"227":1,"228":12,"229":12,"230":12,"231":12,"232":12,"233":12,"234":12,"235":12,"236":12,"239":1,"240":0,"241":0,"242":0,"243":0,"244":0,"245":0,"246":0,"247":0,"248":0,"250":1,"251":0,"252":0,"253":0,"254":0,"255":0,"256":0,"265":1,"266":0,"267":0,"268":0,"269":0,"270":0,"271":0,"272":0,"273":0,"274":0,"275":0,"276":0,"277":0,"283":1,"284":0,"285":0,"286":0,"287":0,"288":0,"289":0,"290":0,"291":0,"292":0,"293":0,"294":0,"295":0,"296":0,"302":1,"303":0,"304":0,"305":0,"306":0,"307":0,"308":0,"309":0,"310":0,"311":0,"312":0,"315":1,"316":0,"317":0,"318":0,"319":0,"320":0,"321":0,"322":0,"323":0,"326":1,"327":0,"328":0,"329":0,"330":0,"331":0,"332":0,"333":0,"334":0,"336":1,"337":0,"338":0,"339":0,"340":0,"341":0,"342":0,"343":0,"346":1,"347":0,"348":0,"349":0,"350":0,"351":0,"352":0,"353":0,"354":0,"357":1,"358":0,"359":0,"360":0,"361":0,"362":0,"363":0,"364":0,"367":1,"368":0,"369":0,"370":0,"371":0,"372":0,"373":0,"374":0,"375":0,"378":1,"379":0,"380":0,"381":0,"382":0,"383":0,"384":0,"385":0,"386":0,"389":1,"390":0,"391":0,"392":0,"393":0,"394":0,"395":0,"396":0,"399":1,"400":0,"401":0,"402":0,"403":0,"404":0,"405":0,"406":0,"407":0,"409":1,"410":0,"411":0,"412":0,"413":0,"414":0,"415":0,"416":0,"417":0,"420":1,"421":0,"422":0,"424":0,"425":0,"426":0,"428":0,"429":0,"430":0,"431":0,"433":0,"434":0,"437":1,"438":12,"439":12,"440":12,"441":12,"442":12,"443":12,"444":12,"445":12,"446":12,"449":1,"450":0,"451":0,"452":0,"453":0,"454":0,"455":0,"456":0,"457":0,"460":1,"461":0,"462":0,"463":0,"464":0,"465":0,"466":0,"467":0,"468":0},"branchMap":{"0":{"type":"branch","line":37,"loc":{"start":{"line":37,"column":14},"end":{"line":37,"column":63}},"locations":[{"start":{"line":37,"column":14},"end":{"line":37,"column":63}}]},"1":{"type":"branch","line":52,"loc":{"start":{"line":52,"column":17},"end":{"line":52,"column":74}},"locations":[{"start":{"line":52,"column":17},"end":{"line":52,"column":74}}]},"2":{"type":"branch","line":67,"loc":{"start":{"line":67,"column":17},"end":{"line":67,"column":68}},"locations":[{"start":{"line":67,"column":17},"end":{"line":67,"column":68}}]},"3":{"type":"branch","line":78,"loc":{"start":{"line":78,"column":7},"end":{"line":89,"column":1}},"locations":[{"start":{"line":78,"column":7},"end":{"line":89,"column":1}}]},"4":{"type":"branch","line":79,"loc":{"start":{"line":79,"column":30},"end":{"line":79,"column":55}},"locations":[{"start":{"line":79,"column":30},"end":{"line":79,"column":55}}]},"5":{"type":"branch","line":79,"loc":{"start":{"line":79,"column":37},"end":{"line":79,"column":55}},"locations":[{"start":{"line":79,"column":37},"end":{"line":79,"column":55}}]},"6":{"type":"branch","line":83,"loc":{"start":{"line":83,"column":14},"end":{"line":83,"column":46}},"locations":[{"start":{"line":83,"column":14},"end":{"line":83,"column":46}}]},"7":{"type":"branch","line":87,"loc":{"start":{"line":87,"column":21},"end":{"line":87,"column":36}},"locations":[{"start":{"line":87,"column":21},"end":{"line":87,"column":36}}]},"8":{"type":"branch","line":228,"loc":{"start":{"line":228,"column":7},"end":{"line":237,"column":1}},"locations":[{"start":{"line":228,"column":7},"end":{"line":237,"column":1}}]},"9":{"type":"branch","line":229,"loc":{"start":{"line":229,"column":30},"end":{"line":229,"column":55}},"locations":[{"start":{"line":229,"column":30},"end":{"line":229,"column":55}}]},"10":{"type":"branch","line":229,"loc":{"start":{"line":229,"column":37},"end":{"line":229,"column":55}},"locations":[{"start":{"line":229,"column":37},"end":{"line":229,"column":55}}]},"11":{"type":"branch","line":232,"loc":{"start":{"line":232,"column":14},"end":{"line":232,"column":46}},"locations":[{"start":{"line":232,"column":14},"end":{"line":232,"column":46}}]},"12":{"type":"branch","line":438,"loc":{"start":{"line":438,"column":7},"end":{"line":447,"column":1}},"locations":[{"start":{"line":438,"column":7},"end":{"line":447,"column":1}}]},"13":{"type":"branch","line":439,"loc":{"start":{"line":439,"column":30},"end":{"line":439,"column":55}},"locations":[{"start":{"line":439,"column":30},"end":{"line":439,"column":55}}]},"14":{"type":"branch","line":439,"loc":{"start":{"line":439,"column":37},"end":{"line":439,"column":55}},"locations":[{"start":{"line":439,"column":37},"end":{"line":439,"column":55}}]},"15":{"type":"branch","line":442,"loc":{"start":{"line":442,"column":14},"end":{"line":442,"column":46}},"locations":[{"start":{"line":442,"column":14},"end":{"line":442,"column":46}}]}},"b":{"0":[12],"1":[12],"2":[12],"3":[12],"4":[12],"5":[0],"6":[9],"7":[47],"8":[12],"9":[12],"10":[0],"11":[9],"12":[12],"13":[12],"14":[0],"15":[9]},"fnMap":{"0":{"name":"list","decl":{"start":{"line":37,"column":14},"end":{"line":37,"column":63}},"loc":{"start":{"line":37,"column":14},"end":{"line":37,"column":63}},"line":37},"1":{"name":"detail","decl":{"start":{"line":38,"column":14},"end":{"line":38,"column":67}},"loc":{"start":{"line":38,"column":14},"end":{"line":38,"column":67}},"line":38},"2":{"name":"infinite","decl":{"start":{"line":39,"column":14},"end":{"line":39,"column":67}},"loc":{"start":{"line":39,"column":14},"end":{"line":39,"column":67}},"line":39},"3":{"name":"stats","decl":{"start":{"line":40,"column":14},"end":{"line":40,"column":69}},"loc":{"start":{"line":40,"column":14},"end":{"line":40,"column":69}},"line":40},"4":{"name":"forIncident","decl":{"start":{"line":44,"column":16},"end":{"line":44,"column":58}},"loc":{"start":{"line":44,"column":16},"end":{"line":44,"column":58}},"line":44},"5":{"name":"global","decl":{"start":{"line":45,"column":16},"end":{"line":45,"column":67}},"loc":{"start":{"line":45,"column":16},"end":{"line":45,"column":67}},"line":45},"6":{"name":"list","decl":{"start":{"line":49,"column":16},"end":{"line":49,"column":70}},"loc":{"start":{"line":49,"column":16},"end":{"line":49,"column":70}},"line":49},"7":{"name":"forIncident","decl":{"start":{"line":50,"column":16},"end":{"line":50,"column":75}},"loc":{"start":{"line":50,"column":16},"end":{"line":50,"column":75}},"line":50},"8":{"name":"dashboard","decl":{"start":{"line":52,"column":17},"end":{"line":52,"column":74}},"loc":{"start":{"line":52,"column":17},"end":{"line":52,"column":74}},"line":52},"9":{"name":"compliance","decl":{"start":{"line":53,"column":17},"end":{"line":53,"column":77}},"loc":{"start":{"line":53,"column":17},"end":{"line":53,"column":77}},"line":53},"10":{"name":"users","decl":{"start":{"line":54,"column":17},"end":{"line":54,"column":55}},"loc":{"start":{"line":54,"column":17},"end":{"line":54,"column":55}},"line":54},"11":{"name":"audit","decl":{"start":{"line":61,"column":17},"end":{"line":61,"column":63}},"loc":{"start":{"line":61,"column":17},"end":{"line":61,"column":63}},"line":61},"12":{"name":"securityScore","decl":{"start":{"line":67,"column":17},"end":{"line":67,"column":68}},"loc":{"start":{"line":67,"column":17},"end":{"line":67,"column":68}},"line":67},"13":{"name":"weeklyReport","decl":{"start":{"line":68,"column":17},"end":{"line":68,"column":71}},"loc":{"start":{"line":68,"column":17},"end":{"line":68,"column":71}},"line":68},"14":{"name":"useIncidents","decl":{"start":{"line":78,"column":7},"end":{"line":89,"column":1}},"loc":{"start":{"line":78,"column":7},"end":{"line":89,"column":1}},"line":78},"15":{"name":"queryFn","decl":{"start":{"line":83,"column":14},"end":{"line":83,"column":46}},"loc":{"start":{"line":83,"column":14},"end":{"line":83,"column":46}},"line":83},"16":{"name":"placeholderData","decl":{"start":{"line":87,"column":21},"end":{"line":87,"column":36}},"loc":{"start":{"line":87,"column":21},"end":{"line":87,"column":36}},"line":87},"17":{"name":"useInfiniteIncidents","decl":{"start":{"line":92,"column":7},"end":{"line":106,"column":1}},"loc":{"start":{"line":92,"column":7},"end":{"line":106,"column":1}},"line":92},"18":{"name":"useIncident","decl":{"start":{"line":109,"column":7},"end":{"line":117,"column":1}},"loc":{"start":{"line":109,"column":7},"end":{"line":117,"column":1}},"line":109},"19":{"name":"useIncidentStats","decl":{"start":{"line":120,"column":7},"end":{"line":129,"column":1}},"loc":{"start":{"line":120,"column":7},"end":{"line":129,"column":1}},"line":120},"20":{"name":"useCreateIncident","decl":{"start":{"line":132,"column":7},"end":{"line":144,"column":1}},"loc":{"start":{"line":132,"column":7},"end":{"line":144,"column":1}},"line":132},"21":{"name":"useUpdateIncident","decl":{"start":{"line":146,"column":7},"end":{"line":159,"column":1}},"loc":{"start":{"line":146,"column":7},"end":{"line":159,"column":1}},"line":146},"22":{"name":"useEvidence","decl":{"start":{"line":162,"column":7},"end":{"line":170,"column":1}},"loc":{"start":{"line":162,"column":7},"end":{"line":170,"column":1}},"line":162},"23":{"name":"useUploadEvidence","decl":{"start":{"line":172,"column":7},"end":{"line":183,"column":1}},"loc":{"start":{"line":172,"column":7},"end":{"line":183,"column":1}},"line":172},"24":{"name":"useAllEvidence","decl":{"start":{"line":186,"column":7},"end":{"line":194,"column":1}},"loc":{"start":{"line":186,"column":7},"end":{"line":194,"column":1}},"line":186},"25":{"name":"useNotifications","decl":{"start":{"line":197,"column":7},"end":{"line":209,"column":1}},"loc":{"start":{"line":197,"column":7},"end":{"line":209,"column":1}},"line":197},"26":{"name":"useApproveNotification","decl":{"start":{"line":211,"column":7},"end":{"line":217,"column":1}},"loc":{"start":{"line":211,"column":7},"end":{"line":217,"column":1}},"line":211},"27":{"name":"useDispatchNotification","decl":{"start":{"line":219,"column":7},"end":{"line":225,"column":1}},"loc":{"start":{"line":219,"column":7},"end":{"line":225,"column":1}},"line":219},"28":{"name":"useDashboardSummary","decl":{"start":{"line":228,"column":7},"end":{"line":237,"column":1}},"loc":{"start":{"line":228,"column":7},"end":{"line":237,"column":1}},"line":228},"29":{"name":"queryFn","decl":{"start":{"line":232,"column":14},"end":{"line":232,"column":46}},"loc":{"start":{"line":232,"column":14},"end":{"line":232,"column":46}},"line":232},"30":{"name":"useComplianceDashboard","decl":{"start":{"line":240,"column":7},"end":{"line":249,"column":1}},"loc":{"start":{"line":240,"column":7},"end":{"line":249,"column":1}},"line":240},"31":{"name":"useMarkComplianceMet","decl":{"start":{"line":251,"column":7},"end":{"line":257,"column":1}},"loc":{"start":{"line":251,"column":7},"end":{"line":257,"column":1}},"line":251},"32":{"name":"useComplianceObligations","decl":{"start":{"line":266,"column":7},"end":{"line":278,"column":1}},"loc":{"start":{"line":266,"column":7},"end":{"line":278,"column":1}},"line":266},"33":{"name":"useUpsertObligation","decl":{"start":{"line":284,"column":7},"end":{"line":297,"column":1}},"loc":{"start":{"line":284,"column":7},"end":{"line":297,"column":1}},"line":284},"34":{"name":"useUpdateObligation","decl":{"start":{"line":303,"column":7},"end":{"line":313,"column":1}},"loc":{"start":{"line":303,"column":7},"end":{"line":313,"column":1}},"line":303},"35":{"name":"useUsers","decl":{"start":{"line":316,"column":7},"end":{"line":324,"column":1}},"loc":{"start":{"line":316,"column":7},"end":{"line":324,"column":1}},"line":316},"36":{"name":"useMlStats","decl":{"start":{"line":327,"column":7},"end":{"line":335,"column":1}},"loc":{"start":{"line":327,"column":7},"end":{"line":335,"column":1}},"line":327},"37":{"name":"useMlModelInfo","decl":{"start":{"line":337,"column":7},"end":{"line":344,"column":1}},"loc":{"start":{"line":337,"column":7},"end":{"line":344,"column":1}},"line":337},"38":{"name":"useMlFlows","decl":{"start":{"line":347,"column":7},"end":{"line":355,"column":1}},"loc":{"start":{"line":347,"column":7},"end":{"line":355,"column":1}},"line":347},"39":{"name":"useMlMetrics","decl":{"start":{"line":358,"column":7},"end":{"line":365,"column":1}},"loc":{"start":{"line":358,"column":7},"end":{"line":365,"column":1}},"line":358},"40":{"name":"useAuditLogs","decl":{"start":{"line":368,"column":7},"end":{"line":376,"column":1}},"loc":{"start":{"line":368,"column":7},"end":{"line":376,"column":1}},"line":368},"41":{"name":"useHealth","decl":{"start":{"line":379,"column":7},"end":{"line":387,"column":1}},"loc":{"start":{"line":379,"column":7},"end":{"line":387,"column":1}},"line":379},"42":{"name":"useCurrentUser","decl":{"start":{"line":390,"column":7},"end":{"line":397,"column":1}},"loc":{"start":{"line":390,"column":7},"end":{"line":397,"column":1}},"line":390},"43":{"name":"useInfrastructure","decl":{"start":{"line":400,"column":7},"end":{"line":408,"column":1}},"loc":{"start":{"line":400,"column":7},"end":{"line":408,"column":1}},"line":400},"44":{"name":"useSqsHistory","decl":{"start":{"line":410,"column":7},"end":{"line":418,"column":1}},"loc":{"start":{"line":410,"column":7},"end":{"line":418,"column":1}},"line":410},"45":{"name":"useDebouncedSearch","decl":{"start":{"line":421,"column":7},"end":{"line":435,"column":1}},"loc":{"start":{"line":421,"column":7},"end":{"line":435,"column":1}},"line":421},"46":{"name":"useSecurityScore","decl":{"start":{"line":438,"column":7},"end":{"line":447,"column":1}},"loc":{"start":{"line":438,"column":7},"end":{"line":447,"column":1}},"line":438},"47":{"name":"queryFn","decl":{"start":{"line":442,"column":14},"end":{"line":442,"column":46}},"loc":{"start":{"line":442,"column":14},"end":{"line":442,"column":46}},"line":442},"48":{"name":"useIncidentExplanation","decl":{"start":{"line":450,"column":7},"end":{"line":458,"column":1}},"loc":{"start":{"line":450,"column":7},"end":{"line":458,"column":1}},"line":450},"49":{"name":"useWeeklyReport","decl":{"start":{"line":461,"column":7},"end":{"line":469,"column":1}},"loc":{"start":{"line":461,"column":7},"end":{"line":469,"column":1}},"line":461}},"f":{"0":12,"1":0,"2":0,"3":0,"4":0,"5":0,"6":0,"7":0,"8":12,"9":0,"10":0,"11":0,"12":12,"13":0,"14":12,"15":9,"16":47,"17":0,"18":0,"19":0,"20":0,"21":0,"22":0,"23":0,"24":0,"25":0,"26":0,"27":0,"28":12,"29":9,"30":0,"31":0,"32":0,"33":0,"34":0,"35":0,"36":0,"37":0,"38":0,"39":0,"40":0,"41":0,"42":0,"43":0,"44":0,"45":0,"46":12,"47":9,"48":0,"49":0}}
,"/sessions/bold-affectionate-planck/mnt/lbro/frontend/src/hooks/usePermissions.ts": {"path":"/sessions/bold-affectionate-planck/mnt/lbro/frontend/src/hooks/usePermissions.ts","all":true,"statementMap":{"0":{"start":{"line":1,"column":0},"end":{"line":1,"column":3}},"23":{"start":{"line":24,"column":0},"end":{"line":24,"column":31}},"24":{"start":{"line":25,"column":0},"end":{"line":25,"column":48}},"25":{"start":{"line":26,"column":0},"end":{"line":26,"column":27}},"26":{"start":{"line":27,"column":0},"end":{"line":27,"column":25}},"28":{"start":{"line":29,"column":0},"end":{"line":29,"column":25}},"29":{"start":{"line":30,"column":0},"end":{"line":30,"column":66}},"30":{"start":{"line":31,"column":0},"end":{"line":31,"column":3}},"32":{"start":{"line":33,"column":0},"end":{"line":33,"column":52}},"33":{"start":{"line":34,"column":0},"end":{"line":34,"column":55}},"34":{"start":{"line":35,"column":0},"end":{"line":35,"column":3}},"36":{"start":{"line":37,"column":0},"end":{"line":37,"column":13}},"37":{"start":{"line":38,"column":0},"end":{"line":38,"column":52}},"38":{"start":{"line":39,"column":0},"end":{"line":39,"column":44}},"39":{"start":{"line":40,"column":0},"end":{"line":40,"column":3}},"40":{"start":{"line":41,"column":0},"end":{"line":41,"column":18}},"41":{"start":{"line":42,"column":0},"end":{"line":42,"column":1}},"60":{"start":{"line":61,"column":0},"end":{"line":61,"column":56}},"61":{"start":{"line":62,"column":0},"end":{"line":62,"column":40}},"62":{"start":{"line":63,"column":0},"end":{"line":63,"column":62}},"64":{"start":{"line":65,"column":0},"end":{"line":65,"column":44}},"65":{"start":{"line":66,"column":0},"end":{"line":66,"column":46}},"66":{"start":{"line":67,"column":0},"end":{"line":67,"column":15}},"67":{"start":{"line":68,"column":0},"end":{"line":68,"column":3}},"69":{"start":{"line":70,"column":0},"end":{"line":70,"column":10}},"70":{"start":{"line":71,"column":0},"end":{"line":71,"column":46}},"71":{"start":{"line":72,"column":0},"end":{"line":72,"column":16}},"72":{"start":{"line":73,"column":0},"end":{"line":73,"column":38}},"73":{"start":{"line":74,"column":0},"end":{"line":74,"column":57}},"74":{"start":{"line":75,"column":0},"end":{"line":75,"column":56}},"75":{"start":{"line":76,"column":0},"end":{"line":76,"column":20}},"76":{"start":{"line":77,"column":0},"end":{"line":77,"column":3}},"77":{"start":{"line":78,"column":0},"end":{"line":78,"column":1}},"88":{"start":{"line":89,"column":0},"end":{"line":89,"column":62}},"89":{"start":{"line":90,"column":0},"end":{"line":90,"column":34}},"90":{"start":{"line":91,"column":0},"end":{"line":91,"column":24}},"91":{"start":{"line":92,"column":0},"end":{"line":92,"column":1}}},"s":{"0":0,"23":0,"24":0,"25":0,"26":0,"28":0,"29":0,"30":0,"32":0,"33":0,"34":0,"36":0,"37":0,"38":0,"39":0,"40":0,"41":0,"60":0,"61":0,"62":0,"64":0,"65":0,"66":0,"67":0,"69":0,"70":0,"71":0,"72":0,"73":0,"74":0,"75":0,"76":0,"77":0,"88":0,"89":0,"90":0,"91":0},"branchMap":{"0":{"type":"branch","line":1,"loc":{"start":{"line":1,"column":3257},"end":{"line":95,"column":54}},"locations":[{"start":{"line":1,"column":3257},"end":{"line":95,"column":54}}]}},"b":{"0":[0]},"fnMap":{"0":{"name":"(empty-report)","decl":{"start":{"line":1,"column":3257},"end":{"line":95,"column":54}},"loc":{"start":{"line":1,"column":3257},"end":{"line":95,"column":54}},"line":1}},"f":{"0":0}}
,"/sessions/bold-affectionate-planck/mnt/lbro/frontend/src/pages/DashboardPage.tsx": {"path":"/sessions/bold-affectionate-planck/mnt/lbro/frontend/src/pages/DashboardPage.tsx","all":false,"statementMap":{"0":{"start":{"line":1,"column":0},"end":{"line":1,"column":3}},"22":{"start":{"line":23,"column":0},"end":{"line":23,"column":24}},"23":{"start":{"line":24,"column":0},"end":{"line":24,"column":24}},"24":{"start":{"line":25,"column":0},"end":{"line":25,"column":24}},"25":{"start":{"line":26,"column":0},"end":{"line":26,"column":24}},"26":{"start":{"line":27,"column":0},"end":{"line":27,"column":24}},"27":{"start":{"line":28,"column":0},"end":{"line":28,"column":24}},"28":{"start":{"line":29,"column":0},"end":{"line":29,"column":24}},"29":{"start":{"line":30,"column":0},"end":{"line":30,"column":24}},"30":{"start":{"line":31,"column":0},"end":{"line":31,"column":24}},"32":{"start":{"line":33,"column":0},"end":{"line":33,"column":24}},"33":{"start":{"line":34,"column":0},"end":{"line":34,"column":33}},"34":{"start":{"line":35,"column":0},"end":{"line":35,"column":35}},"35":{"start":{"line":36,"column":0},"end":{"line":36,"column":37}},"36":{"start":{"line":37,"column":0},"end":{"line":37,"column":23}},"37":{"start":{"line":38,"column":0},"end":{"line":38,"column":1}},"39":{"start":{"line":40,"column":0},"end":{"line":40,"column":65}},"40":{"start":{"line":41,"column":0},"end":{"line":41,"column":43}},"41":{"start":{"line":42,"column":0},"end":{"line":42,"column":32}},"42":{"start":{"line":43,"column":0},"end":{"line":43,"column":35}},"43":{"start":{"line":44,"column":0},"end":{"line":44,"column":55}},"44":{"start":{"line":45,"column":0},"end":{"line":45,"column":42}},"45":{"start":{"line":46,"column":0},"end":{"line":46,"column":5}},"46":{"start":{"line":47,"column":0},"end":{"line":47,"column":3}},"47":{"start":{"line":48,"column":0},"end":{"line":48,"column":67}},"48":{"start":{"line":49,"column":0},"end":{"line":49,"column":25}},"49":{"start":{"line":50,"column":0},"end":{"line":50,"column":1}},"51":{"start":{"line":52,"column":0},"end":{"line":52,"column":72}},"52":{"start":{"line":53,"column":0},"end":{"line":53,"column":43}},"53":{"start":{"line":54,"column":0},"end":{"line":54,"column":32}},"54":{"start":{"line":55,"column":0},"end":{"line":55,"column":31}},"55":{"start":{"line":56,"column":0},"end":{"line":56,"column":44}},"56":{"start":{"line":57,"column":0},"end":{"line":57,"column":38}},"57":{"start":{"line":58,"column":0},"end":{"line":58,"column":5}},"58":{"start":{"line":59,"column":0},"end":{"line":59,"column":3}},"59":{"start":{"line":60,"column":0},"end":{"line":60,"column":67}},"60":{"start":{"line":61,"column":0},"end":{"line":61,"column":23}},"61":{"start":{"line":62,"column":0},"end":{"line":62,"column":42}},"62":{"start":{"line":63,"column":0},"end":{"line":63,"column":77}},"63":{"start":{"line":64,"column":0},"end":{"line":64,"column":89}},"64":{"start":{"line":65,"column":0},"end":{"line":65,"column":35}},"65":{"start":{"line":66,"column":0},"end":{"line":66,"column":3}},"66":{"start":{"line":67,"column":0},"end":{"line":67,"column":43}},"67":{"start":{"line":68,"column":0},"end":{"line":68,"column":1}},"69":{"start":{"line":70,"column":0},"end":{"line":70,"column":67}},"71":{"start":{"line":72,"column":0},"end":{"line":72,"column":4}},"72":{"start":{"line":73,"column":0},"end":{"line":73,"column":10}},"73":{"start":{"line":74,"column":0},"end":{"line":74,"column":8}},"74":{"start":{"line":75,"column":0},"end":{"line":75,"column":23}},"75":{"start":{"line":76,"column":0},"end":{"line":76,"column":180}},"76":{"start":{"line":77,"column":0},"end":{"line":77,"column":85}},"77":{"start":{"line":78,"column":0},"end":{"line":78,"column":72}},"79":{"start":{"line":80,"column":0},"end":{"line":80,"column":133}},"80":{"start":{"line":81,"column":0},"end":{"line":81,"column":136}},"81":{"start":{"line":82,"column":0},"end":{"line":82,"column":83}},"82":{"start":{"line":83,"column":0},"end":{"line":83,"column":10}},"84":{"start":{"line":85,"column":0},"end":{"line":85,"column":1}},"86":{"start":{"line":87,"column":0},"end":{"line":87,"column":55}},"88":{"start":{"line":89,"column":0},"end":{"line":89,"column":4}},"89":{"start":{"line":90,"column":0},"end":{"line":90,"column":10}},"90":{"start":{"line":91,"column":0},"end":{"line":91,"column":109}},"91":{"start":{"line":92,"column":0},"end":{"line":92,"column":87}},"92":{"start":{"line":93,"column":0},"end":{"line":93,"column":14}},"93":{"start":{"line":94,"column":0},"end":{"line":94,"column":119}},"94":{"start":{"line":95,"column":0},"end":{"line":95,"column":12}},"95":{"start":{"line":96,"column":0},"end":{"line":96,"column":16}},"96":{"start":{"line":97,"column":0},"end":{"line":97,"column":10}},"97":{"start":{"line":98,"column":0},"end":{"line":98,"column":101}},"98":{"start":{"line":99,"column":0},"end":{"line":99,"column":73}},"99":{"start":{"line":100,"column":0},"end":{"line":100,"column":11}},"101":{"start":{"line":102,"column":0},"end":{"line":102,"column":98}},"103":{"start":{"line":104,"column":0},"end":{"line":104,"column":10}},"105":{"start":{"line":106,"column":0},"end":{"line":106,"column":1}},"107":{"start":{"line":108,"column":0},"end":{"line":108,"column":26}},"108":{"start":{"line":109,"column":0},"end":{"line":109,"column":29}},"109":{"start":{"line":110,"column":0},"end":{"line":110,"column":41}},"110":{"start":{"line":111,"column":0},"end":{"line":111,"column":32}},"111":{"start":{"line":112,"column":0},"end":{"line":112,"column":41}},"112":{"start":{"line":113,"column":0},"end":{"line":113,"column":22}},"113":{"start":{"line":114,"column":0},"end":{"line":114,"column":19}},"114":{"start":{"line":115,"column":0},"end":{"line":115,"column":55}},"115":{"start":{"line":116,"column":0},"end":{"line":116,"column":55}},"116":{"start":{"line":117,"column":0},"end":{"line":117,"column":56}},"117":{"start":{"line":118,"column":0},"end":{"line":118,"column":6}},"118":{"start":{"line":119,"column":0},"end":{"line":119,"column":4}},"120":{"start":{"line":121,"column":0},"end":{"line":121,"column":10}},"121":{"start":{"line":122,"column":0},"end":{"line":122,"column":115}},"122":{"start":{"line":123,"column":0},"end":{"line":123,"column":65}},"123":{"start":{"line":124,"column":0},"end":{"line":124,"column":96}},"124":{"start":{"line":125,"column":0},"end":{"line":125,"column":102}},"126":{"start":{"line":127,"column":0},"end":{"line":127,"column":12}},"127":{"start":{"line":128,"column":0},"end":{"line":128,"column":15}},"128":{"start":{"line":129,"column":0},"end":{"line":129,"column":99}},"129":{"start":{"line":130,"column":0},"end":{"line":130,"column":93}},"130":{"start":{"line":131,"column":0},"end":{"line":131,"column":14}},"132":{"start":{"line":133,"column":0},"end":{"line":133,"column":15}},"133":{"start":{"line":134,"column":0},"end":{"line":134,"column":43}},"134":{"start":{"line":135,"column":0},"end":{"line":135,"column":39}},"135":{"start":{"line":136,"column":0},"end":{"line":136,"column":323}},"137":{"start":{"line":138,"column":0},"end":{"line":138,"column":29}},"138":{"start":{"line":139,"column":0},"end":{"line":139,"column":114}},"139":{"start":{"line":140,"column":0},"end":{"line":140,"column":84}},"141":{"start":{"line":142,"column":0},"end":{"line":142,"column":17}},"143":{"start":{"line":144,"column":0},"end":{"line":144,"column":10}},"145":{"start":{"line":146,"column":0},"end":{"line":146,"column":1}},"147":{"start":{"line":148,"column":0},"end":{"line":148,"column":29}},"148":{"start":{"line":149,"column":0},"end":{"line":149,"column":10}},"149":{"start":{"line":150,"column":0},"end":{"line":150,"column":62}},"150":{"start":{"line":151,"column":0},"end":{"line":151,"column":30}},"151":{"start":{"line":152,"column":0},"end":{"line":152,"column":139}},"152":{"start":{"line":153,"column":0},"end":{"line":153,"column":104}},"153":{"start":{"line":154,"column":0},"end":{"line":154,"column":35}},"154":{"start":{"line":155,"column":0},"end":{"line":155,"column":109}},"155":{"start":{"line":156,"column":0},"end":{"line":156,"column":92}},"156":{"start":{"line":157,"column":0},"end":{"line":157,"column":16}},"157":{"start":{"line":158,"column":0},"end":{"line":158,"column":87}},"158":{"start":{"line":159,"column":0},"end":{"line":159,"column":14}},"159":{"start":{"line":160,"column":0},"end":{"line":160,"column":9}},"160":{"start":{"line":161,"column":0},"end":{"line":161,"column":10}},"162":{"start":{"line":163,"column":0},"end":{"line":163,"column":1}},"164":{"start":{"line":165,"column":0},"end":{"line":165,"column":46}},"165":{"start":{"line":166,"column":0},"end":{"line":166,"column":74}},"166":{"start":{"line":167,"column":0},"end":{"line":167,"column":1}},"168":{"start":{"line":169,"column":0},"end":{"line":169,"column":41}},"169":{"start":{"line":170,"column":0},"end":{"line":170,"column":33}},"170":{"start":{"line":171,"column":0},"end":{"line":171,"column":45}},"171":{"start":{"line":172,"column":0},"end":{"line":172,"column":56}},"173":{"start":{"line":174,"column":0},"end":{"line":174,"column":72}},"174":{"start":{"line":175,"column":0},"end":{"line":175,"column":88}},"175":{"start":{"line":176,"column":0},"end":{"line":176,"column":48}},"177":{"start":{"line":178,"column":0},"end":{"line":178,"column":48}},"178":{"start":{"line":179,"column":0},"end":{"line":179,"column":54}},"179":{"start":{"line":180,"column":0},"end":{"line":180,"column":50}},"180":{"start":{"line":181,"column":0},"end":{"line":181,"column":48}},"181":{"start":{"line":182,"column":0},"end":{"line":182,"column":56}},"183":{"start":{"line":184,"column":0},"end":{"line":184,"column":78}},"184":{"start":{"line":185,"column":0},"end":{"line":185,"column":85}},"185":{"start":{"line":186,"column":0},"end":{"line":186,"column":47}},"187":{"start":{"line":188,"column":0},"end":{"line":188,"column":32}},"188":{"start":{"line":189,"column":0},"end":{"line":189,"column":20}},"189":{"start":{"line":190,"column":0},"end":{"line":190,"column":93}},"190":{"start":{"line":191,"column":0},"end":{"line":191,"column":96}},"191":{"start":{"line":192,"column":0},"end":{"line":192,"column":65}},"192":{"start":{"line":193,"column":0},"end":{"line":193,"column":5}},"193":{"start":{"line":194,"column":0},"end":{"line":194,"column":22}},"194":{"start":{"line":195,"column":0},"end":{"line":195,"column":86}},"195":{"start":{"line":196,"column":0},"end":{"line":196,"column":65}},"196":{"start":{"line":197,"column":0},"end":{"line":197,"column":5}},"197":{"start":{"line":198,"column":0},"end":{"line":198,"column":15}},"198":{"start":{"line":199,"column":0},"end":{"line":199,"column":39}},"200":{"start":{"line":201,"column":0},"end":{"line":201,"column":74}},"202":{"start":{"line":203,"column":0},"end":{"line":203,"column":10}},"203":{"start":{"line":204,"column":0},"end":{"line":204,"column":71}},"206":{"start":{"line":207,"column":0},"end":{"line":207,"column":192}},"207":{"start":{"line":208,"column":0},"end":{"line":208,"column":13}},"208":{"start":{"line":209,"column":0},"end":{"line":209,"column":136}},"209":{"start":{"line":210,"column":0},"end":{"line":210,"column":40}},"210":{"start":{"line":211,"column":0},"end":{"line":211,"column":16}},"211":{"start":{"line":212,"column":0},"end":{"line":212,"column":104}},"212":{"start":{"line":213,"column":0},"end":{"line":213,"column":14}},"213":{"start":{"line":214,"column":0},"end":{"line":214,"column":176}},"214":{"start":{"line":215,"column":0},"end":{"line":215,"column":21}},"215":{"start":{"line":216,"column":0},"end":{"line":216,"column":14}},"216":{"start":{"line":217,"column":0},"end":{"line":217,"column":154}},"217":{"start":{"line":218,"column":0},"end":{"line":218,"column":97}},"218":{"start":{"line":219,"column":0},"end":{"line":219,"column":15}},"220":{"start":{"line":221,"column":0},"end":{"line":221,"column":14}},"221":{"start":{"line":222,"column":0},"end":{"line":222,"column":125}},"222":{"start":{"line":223,"column":0},"end":{"line":223,"column":81}},"223":{"start":{"line":224,"column":0},"end":{"line":224,"column":15}},"225":{"start":{"line":226,"column":0},"end":{"line":226,"column":25}},"226":{"start":{"line":227,"column":0},"end":{"line":227,"column":19}},"227":{"start":{"line":228,"column":0},"end":{"line":228,"column":57}},"228":{"start":{"line":229,"column":0},"end":{"line":229,"column":182}},"229":{"start":{"line":230,"column":0},"end":{"line":230,"column":13}},"230":{"start":{"line":231,"column":0},"end":{"line":231,"column":38}},"231":{"start":{"line":232,"column":0},"end":{"line":232,"column":64}},"232":{"start":{"line":233,"column":0},"end":{"line":233,"column":21}},"234":{"start":{"line":235,"column":0},"end":{"line":235,"column":14}},"235":{"start":{"line":236,"column":0},"end":{"line":236,"column":12}},"238":{"start":{"line":239,"column":0},"end":{"line":239,"column":39}},"239":{"start":{"line":240,"column":0},"end":{"line":240,"column":12}},"240":{"start":{"line":241,"column":0},"end":{"line":241,"column":66}},"241":{"start":{"line":242,"column":0},"end":{"line":242,"column":22}},"242":{"start":{"line":243,"column":0},"end":{"line":243,"column":236}},"244":{"start":{"line":245,"column":0},"end":{"line":245,"column":88}},"245":{"start":{"line":246,"column":0},"end":{"line":246,"column":79}},"246":{"start":{"line":247,"column":0},"end":{"line":247,"column":95}},"247":{"start":{"line":248,"column":0},"end":{"line":248,"column":17}},"248":{"start":{"line":249,"column":0},"end":{"line":249,"column":100}},"249":{"start":{"line":250,"column":0},"end":{"line":250,"column":69}},"250":{"start":{"line":251,"column":0},"end":{"line":251,"column":17}},"251":{"start":{"line":252,"column":0},"end":{"line":252,"column":14}},"255":{"start":{"line":256,"column":0},"end":{"line":256,"column":87}},"256":{"start":{"line":257,"column":0},"end":{"line":257,"column":154}},"257":{"start":{"line":258,"column":0},"end":{"line":258,"column":194}},"258":{"start":{"line":259,"column":0},"end":{"line":259,"column":155}},"259":{"start":{"line":260,"column":0},"end":{"line":260,"column":155}},"260":{"start":{"line":261,"column":0},"end":{"line":261,"column":12}},"263":{"start":{"line":264,"column":0},"end":{"line":264,"column":84}},"264":{"start":{"line":265,"column":0},"end":{"line":265,"column":268}},"265":{"start":{"line":266,"column":0},"end":{"line":266,"column":262}},"266":{"start":{"line":267,"column":0},"end":{"line":267,"column":316}},"267":{"start":{"line":268,"column":0},"end":{"line":268,"column":12}},"270":{"start":{"line":271,"column":0},"end":{"line":271,"column":103}},"273":{"start":{"line":274,"column":0},"end":{"line":274,"column":111}},"274":{"start":{"line":275,"column":0},"end":{"line":275,"column":157}},"275":{"start":{"line":276,"column":0},"end":{"line":276,"column":75}},"276":{"start":{"line":277,"column":0},"end":{"line":277,"column":75}},"277":{"start":{"line":278,"column":0},"end":{"line":278,"column":98}},"278":{"start":{"line":279,"column":0},"end":{"line":279,"column":18}},"279":{"start":{"line":280,"column":0},"end":{"line":280,"column":19}},"280":{"start":{"line":281,"column":0},"end":{"line":281,"column":52}},"281":{"start":{"line":282,"column":0},"end":{"line":282,"column":167}},"282":{"start":{"line":283,"column":0},"end":{"line":283,"column":13}},"283":{"start":{"line":284,"column":0},"end":{"line":284,"column":71}},"284":{"start":{"line":285,"column":0},"end":{"line":285,"column":21}},"285":{"start":{"line":286,"column":0},"end":{"line":286,"column":16}},"287":{"start":{"line":288,"column":0},"end":{"line":288,"column":21}},"288":{"start":{"line":289,"column":0},"end":{"line":289,"column":34}},"289":{"start":{"line":290,"column":0},"end":{"line":290,"column":36}},"290":{"start":{"line":291,"column":0},"end":{"line":291,"column":33}},"292":{"start":{"line":293,"column":0},"end":{"line":293,"column":21}},"293":{"start":{"line":294,"column":0},"end":{"line":294,"column":65}},"294":{"start":{"line":295,"column":0},"end":{"line":295,"column":24}},"295":{"start":{"line":296,"column":0},"end":{"line":296,"column":34}},"296":{"start":{"line":297,"column":0},"end":{"line":297,"column":70}},"297":{"start":{"line":298,"column":0},"end":{"line":298,"column":221}},"298":{"start":{"line":299,"column":0},"end":{"line":299,"column":84}},"299":{"start":{"line":300,"column":0},"end":{"line":300,"column":81}},"301":{"start":{"line":302,"column":0},"end":{"line":302,"column":146}},"302":{"start":{"line":303,"column":0},"end":{"line":303,"column":60}},"303":{"start":{"line":304,"column":0},"end":{"line":304,"column":153}},"304":{"start":{"line":305,"column":0},"end":{"line":305,"column":51}},"305":{"start":{"line":306,"column":0},"end":{"line":306,"column":30}},"306":{"start":{"line":307,"column":0},"end":{"line":307,"column":101}},"307":{"start":{"line":308,"column":0},"end":{"line":308,"column":97}},"308":{"start":{"line":309,"column":0},"end":{"line":309,"column":89}},"309":{"start":{"line":310,"column":0},"end":{"line":310,"column":87}},"310":{"start":{"line":311,"column":0},"end":{"line":311,"column":196}},"311":{"start":{"line":312,"column":0},"end":{"line":312,"column":51}},"312":{"start":{"line":313,"column":0},"end":{"line":313,"column":35}},"314":{"start":{"line":315,"column":0},"end":{"line":315,"column":30}},"315":{"start":{"line":316,"column":0},"end":{"line":316,"column":28}},"316":{"start":{"line":317,"column":0},"end":{"line":317,"column":102}},"317":{"start":{"line":318,"column":0},"end":{"line":318,"column":50}},"318":{"start":{"line":319,"column":0},"end":{"line":319,"column":28}},"319":{"start":{"line":320,"column":0},"end":{"line":320,"column":26}},"320":{"start":{"line":321,"column":0},"end":{"line":321,"column":21}},"321":{"start":{"line":322,"column":0},"end":{"line":322,"column":22}},"323":{"start":{"line":324,"column":0},"end":{"line":324,"column":14}},"326":{"start":{"line":327,"column":0},"end":{"line":327,"column":111}},"327":{"start":{"line":328,"column":0},"end":{"line":328,"column":132}},"328":{"start":{"line":329,"column":0},"end":{"line":329,"column":68}},"329":{"start":{"line":330,"column":0},"end":{"line":330,"column":100}},"330":{"start":{"line":331,"column":0},"end":{"line":331,"column":16}},"332":{"start":{"line":333,"column":0},"end":{"line":333,"column":46}},"333":{"start":{"line":334,"column":0},"end":{"line":334,"column":71}},"334":{"start":{"line":335,"column":0},"end":{"line":335,"column":100}},"335":{"start":{"line":336,"column":0},"end":{"line":336,"column":118}},"336":{"start":{"line":337,"column":0},"end":{"line":337,"column":115}},"337":{"start":{"line":338,"column":0},"end":{"line":338,"column":18}},"339":{"start":{"line":340,"column":0},"end":{"line":340,"column":17}},"340":{"start":{"line":341,"column":0},"end":{"line":341,"column":78}},"341":{"start":{"line":342,"column":0},"end":{"line":342,"column":120}},"342":{"start":{"line":343,"column":0},"end":{"line":343,"column":63}},"343":{"start":{"line":344,"column":0},"end":{"line":344,"column":24}},"344":{"start":{"line":345,"column":0},"end":{"line":345,"column":22}},"345":{"start":{"line":346,"column":0},"end":{"line":346,"column":29}},"346":{"start":{"line":347,"column":0},"end":{"line":347,"column":75}},"347":{"start":{"line":348,"column":0},"end":{"line":348,"column":171}},"348":{"start":{"line":349,"column":0},"end":{"line":349,"column":82}},"349":{"start":{"line":350,"column":0},"end":{"line":350,"column":79}},"351":{"start":{"line":352,"column":0},"end":{"line":352,"column":88}},"352":{"start":{"line":353,"column":0},"end":{"line":353,"column":129}},"353":{"start":{"line":354,"column":0},"end":{"line":354,"column":47}},"354":{"start":{"line":355,"column":0},"end":{"line":355,"column":136}},"355":{"start":{"line":356,"column":0},"end":{"line":356,"column":84}},"356":{"start":{"line":357,"column":0},"end":{"line":357,"column":111}},"357":{"start":{"line":358,"column":0},"end":{"line":358,"column":30}},"358":{"start":{"line":359,"column":0},"end":{"line":359,"column":127}},"359":{"start":{"line":360,"column":0},"end":{"line":360,"column":87}},"360":{"start":{"line":361,"column":0},"end":{"line":361,"column":30}},"361":{"start":{"line":362,"column":0},"end":{"line":362,"column":28}},"362":{"start":{"line":363,"column":0},"end":{"line":363,"column":26}},"363":{"start":{"line":364,"column":0},"end":{"line":364,"column":24}},"365":{"start":{"line":366,"column":0},"end":{"line":366,"column":17}},"366":{"start":{"line":367,"column":0},"end":{"line":367,"column":86}},"367":{"start":{"line":368,"column":0},"end":{"line":368,"column":23}},"368":{"start":{"line":369,"column":0},"end":{"line":369,"column":61}},"369":{"start":{"line":370,"column":0},"end":{"line":370,"column":250}},"370":{"start":{"line":371,"column":0},"end":{"line":371,"column":17}},"371":{"start":{"line":372,"column":0},"end":{"line":372,"column":87}},"372":{"start":{"line":373,"column":0},"end":{"line":373,"column":25}},"373":{"start":{"line":374,"column":0},"end":{"line":374,"column":20}},"374":{"start":{"line":375,"column":0},"end":{"line":375,"column":18}},"376":{"start":{"line":377,"column":0},"end":{"line":377,"column":14}},"377":{"start":{"line":378,"column":0},"end":{"line":378,"column":12}},"378":{"start":{"line":379,"column":0},"end":{"line":379,"column":10}},"380":{"start":{"line":381,"column":0},"end":{"line":381,"column":1}}},"s":{"0":1,"22":1,"23":1,"24":1,"25":1,"26":1,"27":1,"28":1,"29":1,"30":1,"32":12,"33":12,"34":12,"35":0,"36":0,"37":0,"39":12,"40":12,"41":12,"42":12,"43":12,"44":12,"45":12,"46":12,"47":12,"48":12,"49":12,"51":12,"52":12,"53":12,"54":12,"55":12,"56":12,"57":12,"58":12,"59":12,"60":12,"61":1,"62":1,"63":1,"64":1,"65":1,"66":12,"67":12,"69":48,"71":48,"72":48,"73":48,"74":48,"75":48,"76":48,"77":48,"79":48,"80":48,"81":48,"82":48,"84":48,"86":36,"88":36,"89":36,"90":36,"91":36,"92":36,"93":36,"94":36,"95":36,"96":33,"97":33,"98":33,"99":33,"101":3,"103":36,"105":36,"107":1,"108":1,"109":1,"110":1,"111":1,"112":1,"113":0,"114":0,"115":0,"116":0,"117":0,"118":1,"120":1,"121":1,"122":1,"123":1,"124":1,"126":1,"127":1,"128":0,"129":0,"130":0,"132":1,"133":1,"134":1,"135":1,"137":1,"138":0,"139":1,"141":1,"143":1,"145":1,"147":10,"148":10,"149":10,"150":10,"151":40,"152":40,"153":40,"154":40,"155":40,"156":40,"157":40,"158":40,"159":10,"160":10,"162":10,"164":1,"165":1,"166":1,"168":12,"169":12,"170":12,"171":12,"173":12,"174":12,"175":12,"177":12,"178":12,"179":12,"180":12,"181":12,"183":12,"184":12,"185":12,"187":12,"188":11,"189":0,"190":0,"191":0,"192":0,"193":11,"194":2,"195":2,"196":2,"197":9,"198":12,"200":12,"202":12,"203":12,"206":12,"207":12,"208":12,"209":12,"210":12,"211":12,"212":12,"213":12,"214":12,"215":2,"216":2,"217":2,"218":2,"220":10,"221":10,"222":10,"223":10,"225":12,"226":0,"227":0,"228":0,"229":0,"230":0,"231":0,"232":0,"234":12,"235":12,"238":12,"239":2,"240":2,"241":2,"242":2,"244":2,"245":2,"246":2,"247":2,"248":2,"249":2,"250":2,"251":2,"255":12,"256":12,"257":12,"258":12,"259":12,"260":12,"263":12,"264":12,"265":12,"266":12,"267":12,"270":12,"273":12,"274":12,"275":12,"276":12,"277":12,"278":12,"279":12,"280":12,"281":12,"282":12,"283":12,"284":12,"285":12,"287":12,"288":10,"289":2,"290":1,"292":1,"293":1,"294":8,"295":8,"296":8,"297":8,"298":8,"299":8,"301":8,"302":8,"303":8,"304":8,"305":8,"306":8,"307":8,"308":8,"309":8,"310":8,"311":8,"312":8,"314":8,"315":8,"316":8,"317":8,"318":8,"319":8,"320":1,"321":1,"323":12,"326":12,"327":12,"328":12,"329":12,"330":12,"332":12,"333":12,"334":12,"335":12,"336":12,"337":12,"339":0,"340":0,"341":0,"342":0,"343":0,"344":0,"345":0,"346":0,"347":0,"348":0,"349":0,"351":0,"352":0,"353":0,"354":0,"355":0,"356":0,"357":0,"358":0,"359":0,"360":0,"361":0,"362":0,"363":0,"365":0,"366":0,"367":0,"368":0,"369":0,"370":0,"371":0,"372":0,"373":0,"374":0,"376":12,"377":12,"378":12,"380":12},"branchMap":{"0":{"type":"branch","line":33,"loc":{"start":{"line":33,"column":0},"end":{"line":38,"column":1}},"locations":[{"start":{"line":33,"column":0},"end":{"line":38,"column":1}}]},"1":{"type":"branch","line":35,"loc":{"start":{"line":35,"column":21},"end":{"line":38,"column":1}},"locations":[{"start":{"line":35,"column":21},"end":{"line":38,"column":1}}]},"2":{"type":"branch","line":40,"loc":{"start":{"line":40,"column":0},"end":{"line":50,"column":1}},"locations":[{"start":{"line":40,"column":0},"end":{"line":50,"column":1}}]},"3":{"type":"branch","line":49,"loc":{"start":{"line":49,"column":9},"end":{"line":49,"column":21}},"locations":[{"start":{"line":49,"column":9},"end":{"line":49,"column":21}}]},"4":{"type":"branch","line":49,"loc":{"start":{"line":49,"column":16},"end":{"line":49,"column":25}},"locations":[{"start":{"line":49,"column":16},"end":{"line":49,"column":25}}]},"5":{"type":"branch","line":48,"loc":{"start":{"line":48,"column":42},"end":{"line":48,"column":63}},"locations":[{"start":{"line":48,"column":42},"end":{"line":48,"column":63}}]},"6":{"type":"branch","line":52,"loc":{"start":{"line":52,"column":0},"end":{"line":68,"column":1}},"locations":[{"start":{"line":52,"column":0},"end":{"line":68,"column":1}}]},"7":{"type":"branch","line":57,"loc":{"start":{"line":57,"column":27},"end":{"line":57,"column":37}},"locations":[{"start":{"line":57,"column":27},"end":{"line":57,"column":37}}]},"8":{"type":"branch","line":61,"loc":{"start":{"line":61,"column":12},"end":{"line":61,"column":23}},"locations":[{"start":{"line":61,"column":12},"end":{"line":61,"column":23}}]},"9":{"type":"branch","line":61,"loc":{"start":{"line":61,"column":19},"end":{"line":67,"column":27}},"locations":[{"start":{"line":61,"column":19},"end":{"line":67,"column":27}}]},"10":{"type":"branch","line":67,"loc":{"start":{"line":67,"column":22},"end":{"line":67,"column":43}},"locations":[{"start":{"line":67,"column":22},"end":{"line":67,"column":43}}]},"11":{"type":"branch","line":60,"loc":{"start":{"line":60,"column":42},"end":{"line":60,"column":63}},"locations":[{"start":{"line":60,"column":42},"end":{"line":60,"column":63}}]},"12":{"type":"branch","line":70,"loc":{"start":{"line":70,"column":0},"end":{"line":85,"column":1}},"locations":[{"start":{"line":70,"column":0},"end":{"line":85,"column":1}}]},"13":{"type":"branch","line":76,"loc":{"start":{"line":76,"column":122},"end":{"line":76,"column":145}},"locations":[{"start":{"line":76,"column":122},"end":{"line":76,"column":145}}]},"14":{"type":"branch","line":81,"loc":{"start":{"line":81,"column":96},"end":{"line":81,"column":114}},"locations":[{"start":{"line":81,"column":96},"end":{"line":81,"column":114}}]},"15":{"type":"branch","line":81,"loc":{"start":{"line":81,"column":105},"end":{"line":81,"column":120}},"locations":[{"start":{"line":81,"column":105},"end":{"line":81,"column":120}}]},"16":{"type":"branch","line":87,"loc":{"start":{"line":87,"column":0},"end":{"line":106,"column":1}},"locations":[{"start":{"line":87,"column":0},"end":{"line":106,"column":1}}]},"17":{"type":"branch","line":96,"loc":{"start":{"line":96,"column":7},"end":{"line":100,"column":11}},"locations":[{"start":{"line":96,"column":7},"end":{"line":100,"column":11}}]},"18":{"type":"branch","line":99,"loc":{"start":{"line":99,"column":11},"end":{"line":99,"column":73}},"locations":[{"start":{"line":99,"column":11},"end":{"line":99,"column":73}}]},"19":{"type":"branch","line":100,"loc":{"start":{"line":100,"column":8},"end":{"line":102,"column":98}},"locations":[{"start":{"line":100,"column":8},"end":{"line":102,"column":98}}]},"20":{"type":"branch","line":102,"loc":{"start":{"line":102,"column":73},"end":{"line":102,"column":92}},"locations":[{"start":{"line":102,"column":73},"end":{"line":102,"column":92}}]},"21":{"type":"branch","line":108,"loc":{"start":{"line":108,"column":0},"end":{"line":146,"column":1}},"locations":[{"start":{"line":108,"column":0},"end":{"line":146,"column":1}}]},"22":{"type":"branch","line":128,"loc":{"start":{"line":128,"column":7},"end":{"line":131,"column":14}},"locations":[{"start":{"line":128,"column":7},"end":{"line":131,"column":14}}]},"23":{"type":"branch","line":136,"loc":{"start":{"line":136,"column":244},"end":{"line":136,"column":272}},"locations":[{"start":{"line":136,"column":244},"end":{"line":136,"column":272}}]},"24":{"type":"branch","line":136,"loc":{"start":{"line":136,"column":301},"end":{"line":136,"column":319}},"locations":[{"start":{"line":136,"column":301},"end":{"line":136,"column":319}}]},"25":{"type":"branch","line":138,"loc":{"start":{"line":138,"column":20},"end":{"line":139,"column":114}},"locations":[{"start":{"line":138,"column":20},"end":{"line":139,"column":114}}]},"26":{"type":"branch","line":148,"loc":{"start":{"line":148,"column":0},"end":{"line":163,"column":1}},"locations":[{"start":{"line":148,"column":0},"end":{"line":163,"column":1}}]},"27":{"type":"branch","line":151,"loc":{"start":{"line":151,"column":24},"end":{"line":159,"column":14}},"locations":[{"start":{"line":151,"column":24},"end":{"line":159,"column":14}}]},"28":{"type":"branch","line":169,"loc":{"start":{"line":169,"column":0},"end":{"line":381,"column":1}},"locations":[{"start":{"line":169,"column":0},"end":{"line":381,"column":1}}]},"29":{"type":"branch","line":172,"loc":{"start":{"line":172,"column":44},"end":{"line":172,"column":56}},"locations":[{"start":{"line":172,"column":44},"end":{"line":172,"column":56}}]},"30":{"type":"branch","line":178,"loc":{"start":{"line":178,"column":22},"end":{"line":178,"column":46}},"locations":[{"start":{"line":178,"column":22},"end":{"line":178,"column":46}}]},"31":{"type":"branch","line":178,"loc":{"start":{"line":178,"column":37},"end":{"line":178,"column":48}},"locations":[{"start":{"line":178,"column":37},"end":{"line":178,"column":48}}]},"32":{"type":"branch","line":179,"loc":{"start":{"line":179,"column":22},"end":{"line":179,"column":53}},"locations":[{"start":{"line":179,"column":22},"end":{"line":179,"column":53}}]},"33":{"type":"branch","line":179,"loc":{"start":{"line":179,"column":31},"end":{"line":179,"column":54}},"locations":[{"start":{"line":179,"column":31},"end":{"line":179,"column":54}}]},"34":{"type":"branch","line":180,"loc":{"start":{"line":180,"column":22},"end":{"line":180,"column":49}},"locations":[{"start":{"line":180,"column":22},"end":{"line":180,"column":49}}]},"35":{"type":"branch","line":180,"loc":{"start":{"line":180,"column":31},"end":{"line":180,"column":50}},"locations":[{"start":{"line":180,"column":31},"end":{"line":180,"column":50}}]},"36":{"type":"branch","line":181,"loc":{"start":{"line":181,"column":22},"end":{"line":181,"column":47}},"locations":[{"start":{"line":181,"column":22},"end":{"line":181,"column":47}}]},"37":{"type":"branch","line":181,"loc":{"start":{"line":181,"column":31},"end":{"line":181,"column":48}},"locations":[{"start":{"line":181,"column":31},"end":{"line":181,"column":48}}]},"38":{"type":"branch","line":182,"loc":{"start":{"line":182,"column":22},"end":{"line":182,"column":55}},"locations":[{"start":{"line":182,"column":22},"end":{"line":182,"column":55}}]},"39":{"type":"branch","line":182,"loc":{"start":{"line":182,"column":31},"end":{"line":182,"column":56}},"locations":[{"start":{"line":182,"column":31},"end":{"line":182,"column":56}}]},"40":{"type":"branch","line":186,"loc":{"start":{"line":186,"column":38},"end":{"line":186,"column":47}},"locations":[{"start":{"line":186,"column":38},"end":{"line":186,"column":47}}]},"41":{"type":"branch","line":201,"loc":{"start":{"line":201,"column":29},"end":{"line":201,"column":63}},"locations":[{"start":{"line":201,"column":29},"end":{"line":201,"column":63}}]},"42":{"type":"branch","line":215,"loc":{"start":{"line":215,"column":11},"end":{"line":219,"column":15}},"locations":[{"start":{"line":215,"column":11},"end":{"line":219,"column":15}}]},"43":{"type":"branch","line":219,"loc":{"start":{"line":219,"column":12},"end":{"line":224,"column":15}},"locations":[{"start":{"line":219,"column":12},"end":{"line":224,"column":15}}]},"44":{"type":"branch","line":226,"loc":{"start":{"line":226,"column":11},"end":{"line":233,"column":21}},"locations":[{"start":{"line":226,"column":11},"end":{"line":233,"column":21}}]},"45":{"type":"branch","line":239,"loc":{"start":{"line":239,"column":8},"end":{"line":239,"column":39}},"locations":[{"start":{"line":239,"column":8},"end":{"line":239,"column":39}}]},"46":{"type":"branch","line":239,"loc":{"start":{"line":239,"column":33},"end":{"line":252,"column":14}},"locations":[{"start":{"line":239,"column":33},"end":{"line":252,"column":14}}]},"47":{"type":"branch","line":247,"loc":{"start":{"line":247,"column":58},"end":{"line":247,"column":67}},"locations":[{"start":{"line":247,"column":58},"end":{"line":247,"column":67}}]},"48":{"type":"branch","line":257,"loc":{"start":{"line":257,"column":49},"end":{"line":257,"column":68}},"locations":[{"start":{"line":257,"column":49},"end":{"line":257,"column":68}}]},"49":{"type":"branch","line":257,"loc":{"start":{"line":257,"column":62},"end":{"line":257,"column":81}},"locations":[{"start":{"line":257,"column":62},"end":{"line":257,"column":81}}]},"50":{"type":"branch","line":258,"loc":{"start":{"line":258,"column":49},"end":{"line":258,"column":68}},"locations":[{"start":{"line":258,"column":49},"end":{"line":258,"column":68}}]},"51":{"type":"branch","line":258,"loc":{"start":{"line":258,"column":62},"end":{"line":258,"column":81}},"locations":[{"start":{"line":258,"column":62},"end":{"line":258,"column":81}}]},"52":{"type":"branch","line":259,"loc":{"start":{"line":259,"column":49},"end":{"line":259,"column":68}},"locations":[{"start":{"line":259,"column":49},"end":{"line":259,"column":68}}]},"53":{"type":"branch","line":259,"loc":{"start":{"line":259,"column":62},"end":{"line":259,"column":81}},"locations":[{"start":{"line":259,"column":62},"end":{"line":259,"column":81}}]},"54":{"type":"branch","line":260,"loc":{"start":{"line":260,"column":49},"end":{"line":260,"column":68}},"locations":[{"start":{"line":260,"column":49},"end":{"line":260,"column":68}}]},"55":{"type":"branch","line":260,"loc":{"start":{"line":260,"column":62},"end":{"line":260,"column":81}},"locations":[{"start":{"line":260,"column":62},"end":{"line":260,"column":81}}]},"56":{"type":"branch","line":265,"loc":{"start":{"line":265,"column":123},"end":{"line":265,"column":149}},"locations":[{"start":{"line":265,"column":123},"end":{"line":265,"column":149}}]},"57":{"type":"branch","line":265,"loc":{"start":{"line":265,"column":136},"end":{"line":265,"column":167}},"locations":[{"start":{"line":265,"column":136},"end":{"line":265,"column":167}}]},"58":{"type":"branch","line":265,"loc":{"start":{"line":265,"column":172},"end":{"line":265,"column":214}},"locations":[{"start":{"line":265,"column":172},"end":{"line":265,"column":214}}]},"59":{"type":"branch","line":265,"loc":{"start":{"line":265,"column":184},"end":{"line":265,"column":234}},"locations":[{"start":{"line":265,"column":184},"end":{"line":265,"column":234}}]},"60":{"type":"branch","line":266,"loc":{"start":{"line":266,"column":122},"end":{"line":266,"column":148}},"locations":[{"start":{"line":266,"column":122},"end":{"line":266,"column":148}}]},"61":{"type":"branch","line":266,"loc":{"start":{"line":266,"column":135},"end":{"line":266,"column":167}},"locations":[{"start":{"line":266,"column":135},"end":{"line":266,"column":167}}]},"62":{"type":"branch","line":266,"loc":{"start":{"line":266,"column":172},"end":{"line":266,"column":222}},"locations":[{"start":{"line":266,"column":172},"end":{"line":266,"column":222}}]},"63":{"type":"branch","line":266,"loc":{"start":{"line":266,"column":191},"end":{"line":266,"column":233}},"locations":[{"start":{"line":266,"column":191},"end":{"line":266,"column":233}}]},"64":{"type":"branch","line":267,"loc":{"start":{"line":267,"column":123},"end":{"line":267,"column":177}},"locations":[{"start":{"line":267,"column":123},"end":{"line":267,"column":177}}]},"65":{"type":"branch","line":267,"loc":{"start":{"line":267,"column":173},"end":{"line":267,"column":209}},"locations":[{"start":{"line":267,"column":17
[...]
53,"column":0},"end":{"line":253,"column":27}},"253":{"start":{"line":254,"column":0},"end":{"line":254,"column":110}},"254":{"start":{"line":255,"column":0},"end":{"line":255,"column":103}},"255":{"start":{"line":256,"column":0},"end":{"line":256,"column":27}},"256":{"start":{"line":257,"column":0},"end":{"line":257,"column":24}},"258":{"start":{"line":259,"column":0},"end":{"line":259,"column":20}},"259":{"start":{"line":260,"column":0},"end":{"line":260,"column":18}},"261":{"start":{"line":262,"column":0},"end":{"line":262,"column":19}},"262":{"start":{"line":263,"column":0},"end":{"line":263,"column":27}},"263":{"start":{"line":264,"column":0},"end":{"line":264,"column":35}},"264":{"start":{"line":265,"column":0},"end":{"line":265,"column":22}},"265":{"start":{"line":266,"column":0},"end":{"line":266,"column":30}},"266":{"start":{"line":267,"column":0},"end":{"line":267,"column":34}},"267":{"start":{"line":268,"column":0},"end":{"line":268,"column":59}},"268":{"start":{"line":269,"column":0},"end":{"line":269,"column":30}},"269":{"start":{"line":270,"column":0},"end":{"line":270,"column":31}},"270":{"start":{"line":271,"column":0},"end":{"line":271,"column":32}},"271":{"start":{"line":272,"column":0},"end":{"line":272,"column":29}},"272":{"start":{"line":273,"column":0},"end":{"line":273,"column":32}},"273":{"start":{"line":274,"column":0},"end":{"line":274,"column":43}},"274":{"start":{"line":275,"column":0},"end":{"line":275,"column":40}},"275":{"start":{"line":276,"column":0},"end":{"line":276,"column":62}},"276":{"start":{"line":277,"column":0},"end":{"line":277,"column":32}},"277":{"start":{"line":278,"column":0},"end":{"line":278,"column":37}},"278":{"start":{"line":279,"column":0},"end":{"line":279,"column":41}},"279":{"start":{"line":280,"column":0},"end":{"line":280,"column":23}},"280":{"start":{"line":281,"column":0},"end":{"line":281,"column":47}},"281":{"start":{"line":282,"column":0},"end":{"line":282,"column":16}},"283":{"start":{"line":284,"column":0},"end":{"line":284,"column":26}},"284":{"start":{"line":285,"column":0},"end":{"line":285,"column":139}},"286":{"start":{"line":287,"column":0},"end":{"line":287,"column":102}},"288":{"start":{"line":289,"column":0},"end":{"line":289,"column":21}},"289":{"start":{"line":290,"column":0},"end":{"line":290,"column":17}},"291":{"start":{"line":292,"column":0},"end":{"line":292,"column":162}},"292":{"start":{"line":293,"column":0},"end":{"line":293,"column":102}},"294":{"start":{"line":295,"column":0},"end":{"line":295,"column":19}},"295":{"start":{"line":296,"column":0},"end":{"line":296,"column":55}},"296":{"start":{"line":297,"column":0},"end":{"line":297,"column":30}},"297":{"start":{"line":298,"column":0},"end":{"line":298,"column":102}},"299":{"start":{"line":300,"column":0},"end":{"line":300,"column":21}},"300":{"start":{"line":301,"column":0},"end":{"line":301,"column":18}},"301":{"start":{"line":302,"column":0},"end":{"line":302,"column":16}},"302":{"start":{"line":303,"column":0},"end":{"line":303,"column":14}},"303":{"start":{"line":304,"column":0},"end":{"line":304,"column":19}},"304":{"start":{"line":305,"column":0},"end":{"line":305,"column":10}},"306":{"start":{"line":307,"column":0},"end":{"line":307,"column":1}}},"s":{"0":0,"16":0,"17":0,"18":0,"19":0,"20":0,"21":0,"23":0,"24":0,"25":0,"26":0,"27":0,"28":0,"30":0,"31":0,"32":0,"34":0,"35":0,"36":0,"37":0,"38":0,"39":0,"41":0,"42":0,"43":0,"44":0,"45":0,"46":0,"47":0,"48":0,"50":0,"51":0,"52":0,"54":0,"55":0,"56":0,"57":0,"58":0,"59":0,"61":0,"62":0,"64":0,"65":0,"69":0,"70":0,"71":0,"72":0,"73":0,"74":0,"76":0,"79":0,"82":0,"83":0,"84":0,"85":0,"86":0,"87":0,"88":0,"89":0,"90":0,"91":0,"93":0,"94":0,"95":0,"96":0,"98":0,"99":0,"101":0,"102":0,"103":0,"106":0,"107":0,"108":0,"109":0,"110":0,"111":0,"112":0,"113":0,"114":0,"115":0,"116":0,"117":0,"118":0,"120":0,"121":0,"123":0,"124":0,"126":0,"127":0,"128":0,"129":0,"130":0,"132":0,"133":0,"134":0,"135":0,"136":0,"137":0,"138":0,"139":0,"140":0,"141":0,"142":0,"144":0,"146":0,"147":0,"148":0,"149":0,"150":0,"152":0,"153":0,"156":0,"157":0,"158":0,"161":0,"162":0,"163":0,"164":0,"165":0,"166":0,"167":0,"168":0,"171":0,"173":0,"174":0,"176":0,"177":0,"178":0,"179":0,"180":0,"181":0,"182":0,"183":0,"184":0,"185":0,"186":0,"187":0,"188":0,"189":0,"190":0,"191":0,"192":0,"193":0,"194":0,"195":0,"196":0,"197":0,"198":0,"199":0,"200":0,"201":0,"202":0,"203":0,"204":0,"207":0,"208":0,"210":0,"211":0,"212":0,"213":0,"214":0,"215":0,"216":0,"217":0,"218":0,"219":0,"220":0,"221":0,"222":0,"223":0,"224":0,"225":0,"226":0,"227":0,"228":0,"229":0,"230":0,"231":0,"232":0,"233":0,"234":0,"235":0,"236":0,"237":0,"238":0,"239":0,"240":0,"241":0,"242":0,"243":0,"245":0,"246":0,"247":0,"248":0,"249":0,"251":0,"252":0,"253":0,"254":0,"255":0,"256":0,"258":0,"259":0,"261":0,"262":0,"263":0,"264":0,"265":0,"266":0,"267":0,"268":0,"269":0,"270":0,"271":0,"272":0,"273":0,"274":0,"275":0,"276":0,"277":0,"278":0,"279":0,"280":0,"281":0,"283":0,"284":0,"286":0,"288":0,"289":0,"291":0,"292":0,"294":0,"295":0,"296":0,"297":0,"299":0,"300":0,"301":0,"302":0,"303":0,"304":0,"306":0},"branchMap":{"0":{"type":"branch","line":1,"loc":{"start":{"line":1,"column":0},"end":{"line":307,"column":-5529}},"locations":[{"start":{"line":1,"column":0},"end":{"line":307,"column":-5529}}]}},"b":{"0":[0]},"fnMap":{"0":{"name":"(empty-report)","decl":{"start":{"line":1,"column":0},"end":{"line":307,"column":-5529}},"loc":{"start":{"line":1,"column":0},"end":{"line":307,"column":-5529}},"line":1}},"f":{"0":0}}
,"/sessions/bold-affectionate-planck/mnt/lbro/frontend/src/routes/ProtectedRoute.tsx": {"path":"/sessions/bold-affectionate-planck/mnt/lbro/frontend/src/routes/ProtectedRoute.tsx","all":true,"statementMap":{"0":{"start":{"line":1,"column":0},"end":{"line":1,"column":3}},"32":{"start":{"line":33,"column":0},"end":{"line":33,"column":22}},"33":{"start":{"line":34,"column":0},"end":{"line":34,"column":10}},"34":{"start":{"line":35,"column":0},"end":{"line":35,"column":135}},"35":{"start":{"line":36,"column":0},"end":{"line":36,"column":120}},"36":{"start":{"line":37,"column":0},"end":{"line":37,"column":102}},"37":{"start":{"line":38,"column":0},"end":{"line":38,"column":10}},"39":{"start":{"line":40,"column":0},"end":{"line":40,"column":1}},"41":{"start":{"line":42,"column":0},"end":{"line":42,"column":92}},"42":{"start":{"line":43,"column":0},"end":{"line":43,"column":62}},"43":{"start":{"line":44,"column":0},"end":{"line":44,"column":40}},"44":{"start":{"line":45,"column":0},"end":{"line":45,"column":47}},"47":{"start":{"line":48,"column":0},"end":{"line":48,"column":25}},"48":{"start":{"line":49,"column":0},"end":{"line":49,"column":43}},"49":{"start":{"line":50,"column":0},"end":{"line":50,"column":3}},"52":{"start":{"line":53,"column":0},"end":{"line":53,"column":55}},"53":{"start":{"line":54,"column":0},"end":{"line":54,"column":24}},"54":{"start":{"line":55,"column":0},"end":{"line":55,"column":3}},"57":{"start":{"line":58,"column":0},"end":{"line":58,"column":48}},"58":{"start":{"line":59,"column":0},"end":{"line":59,"column":1}}},"s":{"0":0,"32":0,"33":0,"34":0,"35":0,"36":0,"37":0,"39":0,"41":0,"42":0,"43":0,"44":0,"47":0,"48":0,"49":0,"52":0,"53":0,"54":0,"57":0,"58":0},"branchMap":{"0":{"type":"branch","line":1,"loc":{"start":{"line":1,"column":0},"end":{"line":59,"column":-322}},"locations":[{"start":{"line":1,"column":0},"end":{"line":59,"column":-322}}]}},"b":{"0":[0]},"fnMap":{"0":{"name":"(empty-report)","decl":{"start":{"line":1,"column":0},"end":{"line":59,"column":-322}},"loc":{"start":{"line":1,"column":0},"end":{"line":59,"column":-322}},"line":1}},"f":{"0":0}}
,"/sessions/bold-affectionate-planck/mnt/lbro/frontend/src/store/authStore.ts": {"path":"/sessions/bold-affectionate-planck/mnt/lbro/frontend/src/store/authStore.ts","all":false,"statementMap":{"0":{"start":{"line":1,"column":0},"end":{"line":1,"column":3}},"19":{"start":{"line":20,"column":0},"end":{"line":20,"column":44}},"20":{"start":{"line":21,"column":0},"end":{"line":21,"column":45}},"23":{"start":{"line":24,"column":0},"end":{"line":24,"column":49}},"24":{"start":{"line":25,"column":0},"end":{"line":25,"column":27}},"25":{"start":{"line":26,"column":0},"end":{"line":26,"column":1}},"28":{"start":{"line":29,"column":0},"end":{"line":29,"column":50}},"29":{"start":{"line":30,"column":0},"end":{"line":30,"column":28}},"30":{"start":{"line":31,"column":0},"end":{"line":31,"column":1}},"57":{"start":{"line":58,"column":0},"end":{"line":58,"column":53}},"58":{"start":{"line":59,"column":0},"end":{"line":59,"column":10}},"59":{"start":{"line":60,"column":0},"end":{"line":60,"column":20}},"60":{"start":{"line":61,"column":0},"end":{"line":61,"column":17}},"61":{"start":{"line":62,"column":0},"end":{"line":62,"column":29}},"62":{"start":{"line":63,"column":0},"end":{"line":63,"column":29}},"63":{"start":{"line":64,"column":0},"end":{"line":64,"column":23}},"64":{"start":{"line":65,"column":0},"end":{"line":65,"column":24}},"66":{"start":{"line":67,"column":0},"end":{"line":67,"column":51}},"67":{"start":{"line":68,"column":0},"end":{"line":68,"column":40}},"68":{"start":{"line":69,"column":0},"end":{"line":69,"column":42}},"69":{"start":{"line":70,"column":0},"end":{"line":70,"column":13}},"70":{"start":{"line":71,"column":0},"end":{"line":71,"column":32}},"71":{"start":{"line":72,"column":0},"end":{"line":72,"column":15}},"72":{"start":{"line":73,"column":0},"end":{"line":73,"column":60}},"73":{"start":{"line":74,"column":0},"end":{"line":74,"column":27}},"74":{"start":{"line":75,"column":0},"end":{"line":75,"column":28}},"75":{"start":{"line":76,"column":0},"end":{"line":76,"column":10}},"76":{"start":{"line":77,"column":0},"end":{"line":77,"column":8}},"78":{"start":{"line":79,"column":0},"end":{"line":79,"column":21}},"79":{"start":{"line":80,"column":0},"end":{"line":80,"column":33}},"80":{"start":{"line":81,"column":0},"end":{"line":81,"column":34}},"81":{"start":{"line":82,"column":0},"end":{"line":82,"column":13}},"82":{"start":{"line":83,"column":0},"end":{"line":83,"column":33}},"83":{"start":{"line":84,"column":0},"end":{"line":84,"column":21}},"84":{"start":{"line":85,"column":0},"end":{"line":85,"column":33}},"85":{"start":{"line":86,"column":0},"end":{"line":86,"column":10}},"86":{"start":{"line":87,"column":0},"end":{"line":87,"column":8}},"88":{"start":{"line":89,"column":0},"end":{"line":89,"column":39}},"90":{"start":{"line":91,"column":0},"end":{"line":91,"column":37}},"91":{"start":{"line":92,"column":0},"end":{"line":92,"column":48}},"92":{"start":{"line":93,"column":0},"end":{"line":93,"column":13}},"93":{"start":{"line":94,"column":0},"end":{"line":94,"column":34}},"94":{"start":{"line":95,"column":0},"end":{"line":95,"column":53}},"95":{"start":{"line":96,"column":0},"end":{"line":96,"column":43}},"96":{"start":{"line":97,"column":0},"end":{"line":97,"column":19}},"97":{"start":{"line":98,"column":0},"end":{"line":98,"column":10}},"98":{"start":{"line":99,"column":0},"end":{"line":99,"column":8}},"100":{"start":{"line":101,"column":0},"end":{"line":101,"column":77}},"102":{"start":{"line":103,"column":0},"end":{"line":103,"column":23}},"103":{"start":{"line":104,"column":0},"end":{"line":104,"column":37}},"104":{"start":{"line":105,"column":0},"end":{"line":105,"column":38}},"105":{"start":{"line":106,"column":0},"end":{"line":106,"column":39}},"106":{"start":{"line":107,"column":0},"end":{"line":107,"column":54}},"107":{"start":{"line":108,"column":0},"end":{"line":108,"column":22}},"108":{"start":{"line":109,"column":0},"end":{"line":109,"column":9}},"109":{"start":{"line":110,"column":0},"end":{"line":110,"column":19}},"110":{"start":{"line":111,"column":0},"end":{"line":111,"column":8}},"111":{"start":{"line":112,"column":0},"end":{"line":112,"column":7}},"112":{"start":{"line":113,"column":0},"end":{"line":113,"column":5}},"113":{"start":{"line":114,"column":0},"end":{"line":114,"column":24}},"114":{"start":{"line":115,"column":0},"end":{"line":115,"column":55}},"115":{"start":{"line":116,"column":0},"end":{"line":116,"column":47}},"116":{"start":{"line":117,"column":0},"end":{"line":117,"column":42}},"117":{"start":{"line":118,"column":0},"end":{"line":118,"column":49}},"118":{"start":{"line":119,"column":0},"end":{"line":119,"column":43}},"119":{"start":{"line":120,"column":0},"end":{"line":120,"column":39}},"120":{"start":{"line":121,"column":0},"end":{"line":121,"column":25}},"121":{"start":{"line":122,"column":0},"end":{"line":122,"column":9}},"122":{"start":{"line":123,"column":0},"end":{"line":123,"column":44}},"123":{"start":{"line":124,"column":0},"end":{"line":124,"column":26}},"124":{"start":{"line":125,"column":0},"end":{"line":125,"column":69}},"125":{"start":{"line":126,"column":0},"end":{"line":126,"column":30}},"126":{"start":{"line":127,"column":0},"end":{"line":127,"column":87}},"128":{"start":{"line":129,"column":0},"end":{"line":129,"column":73}},"132":{"start":{"line":133,"column":0},"end":{"line":133,"column":44}},"136":{"start":{"line":137,"column":0},"end":{"line":137,"column":78}},"137":{"start":{"line":138,"column":0},"end":{"line":138,"column":64}},"138":{"start":{"line":139,"column":0},"end":{"line":139,"column":35}},"139":{"start":{"line":140,"column":0},"end":{"line":140,"column":36}},"140":{"start":{"line":141,"column":0},"end":{"line":141,"column":33}},"141":{"start":{"line":142,"column":0},"end":{"line":142,"column":35}},"142":{"start":{"line":143,"column":0},"end":{"line":143,"column":23}},"143":{"start":{"line":144,"column":0},"end":{"line":144,"column":35}},"144":{"start":{"line":145,"column":0},"end":{"line":145,"column":12}},"145":{"start":{"line":146,"column":0},"end":{"line":146,"column":9}},"146":{"start":{"line":147,"column":0},"end":{"line":147,"column":8}},"147":{"start":{"line":148,"column":0},"end":{"line":148,"column":5}},"148":{"start":{"line":149,"column":0},"end":{"line":149,"column":3}},"149":{"start":{"line":150,"column":0},"end":{"line":150,"column":1}},"152":{"start":{"line":153,"column":0},"end":{"line":153,"column":43}},"153":{"start":{"line":154,"column":0},"end":{"line":154,"column":54}},"154":{"start":{"line":155,"column":0},"end":{"line":155,"column":60}},"155":{"start":{"line":156,"column":0},"end":{"line":156,"column":1}}},"s":{"0":1,"19":1,"20":1,"23":1,"24":27,"25":27,"28":1,"29":0,"30":0,"57":1,"58":1,"59":1,"60":1,"61":1,"62":1,"63":1,"64":1,"66":1,"67":9,"68":9,"69":9,"70":9,"71":9,"72":9,"73":9,"74":9,"75":9,"76":9,"78":1,"79":9,"80":9,"81":9,"82":9,"83":9,"84":9,"85":9,"86":9,"88":1,"90":1,"91":0,"92":0,"93":0,"94":0,"95":0,"96":0,"97":0,"98":0,"100":1,"102":1,"103":0,"104":0,"105":0,"106":0,"107":0,"108":0,"109":0,"110":0,"111":1,"112":1,"113":1,"114":1,"115":1,"116":18,"117":18,"118":18,"119":18,"120":18,"121":18,"122":1,"123":1,"124":1,"125":1,"126":1,"128":1,"132":0,"136":0,"137":1,"138":0,"139":0,"140":0,"141":0,"142":0,"143":0,"144":0,"145":0,"146":1,"147":1,"148":1,"149":1,"152":1,"153":0,"154":0,"155":0},"branchMap":{"0":{"type":"branch","line":24,"loc":{"start":{"line":24,"column":7},"end":{"line":26,"column":1}},"locations":[{"start":{"line":24,"column":7},"end":{"line":26,"column":1}}]},"1":{"type":"branch","line":60,"loc":{"start":{"line":60,"column":4},"end":{"line":112,"column":7}},"locations":[{"start":{"line":60,"column":4},"end":{"line":112,"column":7}}]},"2":{"type":"branch","line":67,"loc":{"start":{"line":67,"column":13},"end":{"line":77,"column":8}},"locations":[{"start":{"line":67,"column":13},"end":{"line":77,"column":8}}]},"3":{"type":"branch","line":79,"loc":{"start":{"line":79,"column":14},"end":{"line":87,"column":8}},"locations":[{"start":{"line":79,"column":14},"end":{"line":87,"column":8}}]},"4":{"type":"branch","line":115,"loc":{"start":{"line":115,"column":33},"end":{"line":115,"column":53}},"locations":[{"start":{"line":115,"column":33},"end":{"line":115,"column":53}}]},"5":{"type":"branch","line":116,"loc":{"start":{"line":116,"column":18},"end":{"line":122,"column":9}},"locations":[{"start":{"line":116,"column":18},"end":{"line":122,"column":9}}]},"6":{"type":"branch","line":123,"loc":{"start":{"line":123,"column":26},"end":{"line":147,"column":8}},"locations":[{"start":{"line":123,"column":26},"end":{"line":147,"column":8}}]},"7":{"type":"branch","line":123,"loc":{"start":{"line":123,"column":32},"end":{"line":147,"column":8}},"locations":[{"start":{"line":123,"column":32},"end":{"line":147,"column":8}}]},"8":{"type":"branch","line":124,"loc":{"start":{"line":124,"column":20},"end":{"line":124,"column":26}},"locations":[{"start":{"line":124,"column":20},"end":{"line":124,"column":26}}]},"9":{"type":"branch","line":129,"loc":{"start":{"line":129,"column":12},"end":{"line":129,"column":48}},"locations":[{"start":{"line":129,"column":12},"end":{"line":129,"column":48}}]},"10":{"type":"branch","line":129,"loc":{"start":{"line":129,"column":28},"end":{"line":129,"column":72}},"locations":[{"start":{"line":129,"column":28},"end":{"line":129,"column":72}}]},"11":{"type":"branch","line":129,"loc":{"start":{"line":129,"column":72},"end":{"line":138,"column":19}},"locations":[{"start":{"line":129,"column":72},"end":{"line":138,"column":19}}]},"12":{"type":"branch","line":138,"loc":{"start":{"line":138,"column":19},"end":{"line":138,"column":63}},"locations":[{"start":{"line":138,"column":19},"end":{"line":138,"column":63}}]},"13":{"type":"branch","line":138,"loc":{"start":{"line":138,"column":63},"end":{"line":146,"column":9}},"locations":[{"start":{"line":138,"column":63},"end":{"line":146,"column":9}}]}},"b":{"0":[27],"1":[1],"2":[9],"3":[9],"4":[1],"5":[18],"6":[1],"7":[1],"8":[0],"9":[0],"10":[0],"11":[0],"12":[0],"13":[0]},"fnMap":{"0":{"name":"getAccessToken","decl":{"start":{"line":24,"column":7},"end":{"line":26,"column":1}},"loc":{"start":{"line":24,"column":7},"end":{"line":26,"column":1}},"line":24},"1":{"name":"getRefreshToken","decl":{"start":{"line":29,"column":7},"end":{"line":31,"column":1}},"loc":{"start":{"line":29,"column":7},"end":{"line":31,"column":1}},"line":29},"2":{"name":"__vite_ssr_import_0__.create.__vite_ssr_import_1__.persist.name","decl":{"start":{"line":60,"column":4},"end":{"line":112,"column":7}},"loc":{"start":{"line":60,"column":4},"end":{"line":112,"column":7}},"line":60},"3":{"name":"login","decl":{"start":{"line":67,"column":13},"end":{"line":77,"column":8}},"loc":{"start":{"line":67,"column":13},"end":{"line":77,"column":8}},"line":67},"4":{"name":"logout","decl":{"start":{"line":79,"column":14},"end":{"line":87,"column":8}},"loc":{"start":{"line":79,"column":14},"end":{"line":87,"column":8}},"line":79},"5":{"name":"setUser","decl":{"start":{"line":89,"column":15},"end":{"line":89,"column":39}},"loc":{"start":{"line":89,"column":15},"end":{"line":89,"column":39}},"line":89},"6":{"name":"incrementLoginAttempts","decl":{"start":{"line":91,"column":30},"end":{"line":99,"column":8}},"loc":{"start":{"line":91,"column":30},"end":{"line":99,"column":8}},"line":91},"7":{"name":"resetLoginAttempts","decl":{"start":{"line":101,"column":26},"end":{"line":101,"column":77}},"loc":{"start":{"line":101,"column":26},"end":{"line":101,"column":77}},"line":101},"8":{"name":"isLocked","decl":{"start":{"line":103,"column":16},"end":{"line":111,"column":8}},"loc":{"start":{"line":103,"column":16},"end":{"line":111,"column":8}},"line":103},"9":{"name":"partialize","decl":{"start":{"line":116,"column":18},"end":{"line":122,"column":9}},"loc":{"start":{"line":116,"column":18},"end":{"line":122,"column":9}},"line":116},"10":{"name":"onRehydrateStorage","decl":{"start":{"line":123,"column":26},"end":{"line":147,"column":8}},"loc":{"start":{"line":123,"column":26},"end":{"line":147,"column":8}},"line":123},"11":{"name":"isSessionValid","decl":{"start":{"line":153,"column":7},"end":{"line":156,"column":1}},"loc":{"start":{"line":153,"column":7},"end":{"line":156,"column":1}},"line":153}},"f":{"0":27,"1":0,"2":1,"3":9,"4":9,"5":0,"6":0,"7":0,"8":0,"9":18,"10":1,"11":0}}
}
